--------------------------------------------------------------------------------
                      SDDP Solver. © Oscar Dowson, 2017.
--------------------------------------------------------------------------------
    Solver:
        Serial solver
    Model:
        Stages:         52
        States:         5
        Subproblems:    110
        Value Function: Default
--------------------------------------------------------------------------------
              Objective              |  Cut  Passes    Simulations   Total    
     Simulation       Bound   % Gap  |   #     Time     #    Time    Time     
--------------------------------------------------------------------------------
      -68.790M         1.060M        |     1    0.3      0    0.0    0.3 
      -60.451M         1.060M        |     2    0.5      0    0.0    0.6 
      -47.807M         1.060M        |     3    0.7      0    0.0    0.8 
      -33.403M         1.060M        |     4    0.9      0    0.0    1.0 
      -21.234M         1.060M        |     5    1.2      0    0.0    1.2 
      -13.711M         1.060M        |     6    1.4      0    0.0    1.4 
      -10.827M         1.060M        |     7    1.6      0    0.0    1.6 
       -7.257M         1.060M        |     8    1.8      0    0.0    1.8 
      -10.517M         1.060M        |     9    2.0      0    0.0    2.0 
       -2.161M         1.060M        |    10    2.2      0    0.0    2.3 
     -605.572K         1.060M        |    11    2.5      0    0.0    2.5 
      -76.066K       472.108K        |    12    2.7      0    0.0    2.7 
      -41.333M       471.566K        |    13    3.0      0    0.0    3.0 
      -29.803M       470.970K        |    14    3.2      0    0.0    3.2 
       -9.723M       470.359K        |    15    3.4      0    0.0    3.5 
       -1.179M       469.765K        |    16    3.7      0    0.0    3.7 
       -3.602M       469.758K        |    17    3.9      0    0.0    3.9 
     -332.193K       469.729K        |    18    4.2      0    0.0    4.2 
       16.560K       394.181K        |    19    4.4      0    0.0    4.5 
      -42.575M        78.346K        |    20    4.7      0    0.0    4.7 
       -7.241M        78.340K        |    21    4.9      0    0.0    5.0 
       -2.253M        78.336K        |    22    5.2      0    0.0    5.3 
     -633.961K        78.333K        |    23    5.9      0    0.0    6.0 
     -432.907K        78.333K        |    24    6.3      0    0.0    6.3 
     -180.888K        78.332K        |    25    6.6      0    0.0    6.6 
       -1.633M        78.323K        |    26    6.8      0    0.0    6.9 
     -232.373K        78.314K        |    27    7.1      0    0.0    7.2 
        1.277K        78.310K        |    28    7.4      0    0.0    7.5 
        8.779K        10.914K        |    29    7.7      0    0.0    7.8 
        2.619K         9.244K        |    30    8.0      0    0.0    8.1 
        8.479K         7.902K        |    31    8.3      0    0.0    8.4 
      -76.637K         7.628K        |    32    8.6      0    0.0    8.7 
        3.862K         7.618K        |    33    9.0      0    0.0    9.0 
        6.091K         7.206K        |    34    9.3      0    0.0    9.4 
      -24.947K         7.206K        |    35    9.6      0    0.0    9.7 
        3.944K         7.206K        |    36    9.9      0    0.0   10.0 
        4.086K         7.187K        |    37   10.2      0    0.0   10.3 
        6.353K         7.159K        |    38   10.5      0    0.0   10.6 
     -169.499K         7.159K        |    39   10.9      0    0.0   11.0 
        4.068K         6.894K        |    40   11.2      0    0.0   11.3 
        6.756K         6.894K        |    41   11.5      0    0.0   11.6 
        6.416K         6.893K        |    42   11.9      0    0.0   12.0 
        6.917K         6.840K        |    43   12.2      0    0.0   12.3 
        8.467K         6.840K        |    44   12.5      0    0.0   12.6 
        8.629K         6.840K        |    45   12.9      0    0.0   13.0 
        3.711K         6.840K        |    46   13.2      0    0.0   13.3 
        6.733K         6.840K        |    47   13.5      0    0.0   13.6 
        9.424K         6.839K        |    48   13.9      0    0.0   14.0 
        6.709K         6.839K        |    49   14.2      0    0.0   14.3 
        5.214K         6.839K        |    50   14.6      0    0.0   14.7 
        5.377K         6.839K        |    51   14.9      0    0.0   15.0 
        4.313K         6.839K        |    52   15.2      0    0.0   15.4 
        6.622K         6.839K        |    53   15.6      0    0.0   15.7 
        6.524K         6.836K        |    54   15.9      0    0.0   16.1 
        9.403K         6.817K        |    55   16.3      0    0.0   16.4 
        9.050K         6.813K        |    56   16.7      0    0.0   16.8 
        6.880K         6.794K        |    57   17.0      0    0.0   17.1 
        6.309K         6.788K        |    58   17.4      0    0.0   17.5 
        4.018K         6.784K        |    59   17.7      0    0.0   17.8 
        3.989K         6.783K        |    60   18.1      0    0.0   18.2 
        6.581K         6.780K        |    61   18.4      0    0.0   18.5 
        5.233K         6.779K        |    62   18.8      0    0.0   18.9 
        6.556K         6.779K        |    63   19.1      0    0.0   19.3 
        6.930K         6.775K        |    64   19.5      0    0.0   19.6 
        6.962K         6.775K        |    65   19.9      0    0.0   20.0 
        4.131K         6.774K        |    66   20.2      0    0.0   20.4 
        9.147K         6.772K        |    67   20.6      0    0.0   20.7 
        6.739K         6.771K        |    68   21.0      0    0.0   21.1 
        9.734K         6.771K        |    69   21.3      0    0.0   21.5 
        7.619K         6.770K        |    70   21.7      0    0.0   21.8 
        7.860K         6.770K        |    71   22.1      0    0.0   22.2 
        5.279K         6.770K        |    72   22.5      0    0.0   22.6 
        6.623K         6.770K        |    73   22.9      0    0.0   23.0 
        8.140K         6.770K        |    74   23.3      0    0.0   23.4 
        5.155K         6.770K        |    75   23.7      0    0.0   23.8 
        6.522K         6.769K        |    76   24.0      0    0.0   24.2 
        8.166K         6.769K        |    77   24.4      0    0.0   24.6 
        7.191K         6.769K        |    78   24.8      0    0.0   25.0 
        9.556K         6.767K        |    79   25.2      0    0.0   25.4 
        4.190K         6.767K        |    80   25.6      0    0.0   25.8 
        4.066K         6.767K        |    81   26.1      0    0.0   26.2 
        9.801K         6.767K        |    82   26.4      0    0.0   26.6 
        6.813K         6.767K        |    83   26.8      0    0.0   27.0 
        3.987K         6.767K        |    84   27.3      0    0.0   27.4 
        7.840K         6.767K        |    85   27.7      0    0.0   27.9 
        6.828K         6.767K        |    86   28.1      0    0.0   28.3 
        8.188K         6.766K        |    87   28.5      0    0.0   28.7 
        8.197K         6.766K        |    88   29.0      0    0.0   29.1 
        5.445K         6.766K        |    89   29.4      0    0.0   29.6 
        6.831K         6.766K        |    90   29.8      0    0.0   30.0 
        4.251K         6.766K        |    91   30.3      0    0.0   30.4 
        9.563K         6.766K        |    92   30.7      0    0.0   30.9 
        3.860K         6.766K        |    93   31.1      0    0.0   31.3 
        5.542K         6.765K        |    94   31.6      0    0.0   31.8 
        6.953K         6.765K        |    95   32.1      0    0.0   32.3 
        5.395K         6.765K        |    96   32.5      0    0.0   32.7 
        5.568K         6.765K        |    97   33.0      0    0.0   33.2 
        8.040K         6.765K        |    98   33.4      0    0.0   33.6 
        7.998K         6.765K        |    99   33.9      0    0.0   34.1 
        9.483K         6.765K        |   100   34.3      0    0.0   34.5 
        6.725K         6.765K        |   101   34.8      0    0.0   35.0 
        9.499K         6.765K        |   102   35.2      0    0.0   35.4 
        8.306K         6.765K        |   103   35.7      0    0.0   35.9 
        4.281K         6.764K        |   104   36.1      0    0.0   36.3 
        6.885K         6.764K        |   105   36.6      0    0.0   36.8 
        5.483K         6.764K        |   106   37.1      0    0.0   37.3 
        7.669K         6.764K        |   107   37.6      0    0.0   37.8 
        5.695K         6.764K        |   108   38.0      0    0.0   38.2 
        6.648K         6.764K        |   109   38.5      0    0.0   38.7 
        7.042K         6.764K        |   110   38.9      0    0.0   39.2 
        9.235K         6.764K        |   111   39.4      0    0.0   39.6 
        6.967K         6.764K        |   112   39.8      0    0.0   40.1 
        3.745K         6.764K        |   113   40.3      0    0.0   40.5 
        9.074K         6.764K        |   114   40.7      0    0.0   41.0 
        9.526K         6.764K        |   115   41.2      0    0.0   41.4 
        8.136K         6.764K        |   116   41.7      0    0.0   41.9 
        5.641K         6.763K        |   117   42.2      0    0.0   42.4 
        7.836K         6.763K        |   118   42.7      0    0.0   42.9 
        6.807K         6.763K        |   119   43.2      0    0.0   43.5 
        9.356K         6.763K        |   120   43.7      0    0.0   43.9 
        5.526K         6.763K        |   121   44.1      0    0.0   44.4 
        7.910K         6.763K        |   122   44.6      0    0.0   44.9 
        6.382K         6.763K        |   123   45.1      0    0.0   45.3 
        8.694K         6.763K        |   124   45.5      0    0.0   45.8 
        6.815K         6.763K        |   125   46.0      0    0.0   46.3 
        8.211K         6.763K        |   126   46.5      0    0.0   46.8 
        6.713K         6.763K        |   127   47.0      0    0.0   47.3 
        9.321K         6.762K        |   128   47.5      0    0.0   47.7 
        4.209K         6.762K        |   129   48.0      0    0.0   48.2 
        7.530K         6.762K        |   130   48.4      0    0.0   48.7 
        9.581K         6.762K        |   131   48.9      0    0.0   49.2 
        6.733K         6.762K        |   132   49.4      0    0.0   49.7 
        4.086K         6.762K        |   133   49.9      0    0.0   50.2 
        8.198K         6.762K        |   134   50.3      0    0.0   50.6 
        6.264K         6.762K        |   135   50.8      0    0.0   51.1 
        8.265K         6.762K        |   136   51.3      0    0.0   51.6 
        7.099K         6.762K        |   137   51.8      0    0.0   52.1 
        6.491K         6.761K        |   138   52.2      0    0.0   52.5 
        6.900K         6.761K        |   139   52.7      0    0.0   53.0 
        8.333K         6.761K        |   140   53.2      0    0.0   53.5 
        7.130K         6.761K        |   141   53.7      0    0.0   54.0 
        6.661K         6.761K        |   142   54.2      0    0.0   54.5 
        9.547K         6.761K        |   143   54.6      0    0.0   55.0 
        6.631K         6.761K        |   144   55.1      0    0.0   55.5 
        7.822K         6.761K        |   145   55.7      0    0.0   56.0 
        7.007K         6.761K        |   146   56.2      0    0.0   56.5 
        6.748K         6.761K        |   147   56.7      0    0.0   57.0 
        8.182K         6.761K        |   148   57.2      0    0.0   57.5 
        6.655K         6.761K        |   149   57.7      0    0.0   58.0 
        7.953K         6.761K        |   150   58.2      0    0.0   58.5 
        5.438K         6.760K        |   151   58.7      0    0.0   59.0 
        6.620K         6.760K        |   152   59.2      0    0.0   59.5 
        4.281K         6.760K        |   153   59.7      0    0.0   60.0 
        6.645K         6.760K        |   154   60.2      0    0.0   60.5 
        4.350K         6.760K        |   155   60.7      0    0.0   61.0 
        6.504K         6.760K        |   156   61.2      0    0.0   61.5 
        8.344K         6.760K        |   157   61.7      0    0.0   62.0 
        6.983K         6.760K        |   158   62.1      0    0.0   62.5 
        5.547K         6.760K        |   159   62.6      0    0.0   63.0 
        6.717K         6.760K        |   160   63.2      0    0.0   63.5 
        8.231K         6.760K        |   161   63.6      0    0.0   64.0 
        5.401K         6.760K        |   162   64.2      0    0.0   64.5 
        5.372K         6.760K        |   163   64.7      0    0.0   65.1 
        4.157K         6.760K        |   164   65.3      0    0.0   65.7 
        5.427K         6.760K        |   165   65.8      0    0.0   66.2 
        8.384K         6.759K        |   166   66.3      0    0.0   66.7 
        6.923K         6.759K        |   167   66.8      0    0.0   67.2 
        4.077K         6.759K        |   168   67.4      0    0.0   67.7 
        9.871K         6.759K        |   169   67.9      0    0.0   68.2 
        6.727K         6.759K        |   170   68.3      0    0.0   68.7 
        4.227K         6.759K        |   171   68.9      0    0.0   69.3 
        6.917K         6.759K        |   172   69.5      0    0.0   69.9 
        9.712K         6.759K        |   173   70.0      0    0.0   70.4 
        5.528K         6.759K        |   174   70.6      0    0.0   70.9 
        7.647K         6.759K        |   175   71.1      0    0.0   71.5 
        5.703K         6.759K        |   176   71.6      0    0.0   72.0 
        5.360K         6.759K        |   177   72.2      0    0.0   72.5 
        4.235K         6.759K        |   178   72.7      0    0.0   73.1 
        9.259K         6.759K        |   179   73.2      0    0.0   73.6 
        7.718K         6.759K        |   180   73.8      0    0.0   74.1 
        5.344K         6.759K        |   181   74.3      0    0.0   74.7 
        6.745K         6.759K        |   182   74.9      0    0.0   75.3 
        9.572K         6.759K        |   183   75.5      0    0.0   75.9 
        8.339K         6.759K        |   184   76.0      0    0.0   76.4 
        6.479K         6.759K        |   185   76.6      0    0.0   77.0 
        4.051K         6.759K        |   186   77.1      0    0.0   77.5 
        6.336K         6.759K        |   187   77.7      0    0.0   78.1 
        6.733K         6.759K        |   188   78.4      0    0.0   78.8 
        6.288K         6.759K        |   189   79.0      0    0.0   79.4 
        5.325K         6.759K        |   190   79.5      0    0.0   79.9 
        8.638K         6.759K        |   191   80.0      0    0.0   80.5 
        4.254K         6.759K        |   192   80.6      0    0.0   81.0 
        7.149K         6.759K        |   193   81.2      0    0.0   81.6 
        4.098K         6.758K        |   194   81.7      0    0.0   82.1 
        5.467K         6.758K        |   195   82.3      0    0.0   82.7 
        7.997K         6.758K        |   196   82.8      0    0.0   83.2 
        5.543K         6.758K        |   197   83.4      0    0.0   83.9 
        8.043K         6.758K        |   198   84.0      0    0.0   84.4 
        8.265K         6.758K        |   199   84.5      0    0.0   84.9 
        8.176K         6.758K        |   200   85.1      0    0.0   85.5 
        7.983K         6.758K        |   201   85.7      0    0.0   86.1 
        7.600K         6.758K        |   202   86.2      0    0.0   86.7 
        8.293K         6.758K        |   203   86.8      0    0.0   87.3 
        6.836K         6.758K        |   204   87.4      0    0.0   87.9 
        7.067K         6.758K        |   205   88.0      0    0.0   88.5 
        6.982K         6.758K        |   206   88.6      0    0.0   89.1 
        6.668K         6.758K        |   207   89.2      0    0.0   89.6 
        6.571K         6.758K        |   208   89.8      0    0.0   90.2 
        5.570K         6.758K        |   209   90.4      0    0.0   90.8 
        8.011K         6.758K        |   210   91.0      0    0.0   91.4 
        8.128K         6.758K        |   211   91.6      0    0.0   92.1 
        6.816K         6.758K        |   212   92.2      0    0.0   92.7 
        9.404K         6.758K        |   213   92.8      0    0.0   93.3 
        8.094K         6.758K        |   214   93.4      0    0.0   93.8 
        6.759K         6.758K        |   215   94.0      0    0.0   94.4 
        5.411K         6.758K        |   216   94.7      0    0.0   95.1 
        5.275K         6.758K        |   217   95.3      0    0.0   95.7 
        7.060K         6.758K        |   218   95.9      0    0.0   96.3 
        4.182K         6.758K        |   219   96.5      0    0.0   96.9 
        5.081K         6.758K        |   220   97.1      0    0.0   97.5 
        6.817K         6.758K        |   221   97.7      0    0.0   98.1 
        4.303K         6.758K        |   222   98.3      0    0.0   98.7 
        9.082K         6.757K        |   223   98.9      0    0.0   99.3 
        9.582K         6.757K        |   224   99.5      0    0.0   100.0 
        6.670K         6.757K        |   225   100.1      0    0.0   100.6 
        8.210K         6.757K        |   226   100.8      0    0.0   101.2 
        4.328K         6.757K        |   227   101.4      0    0.0   101.9 
        6.990K         6.757K        |   228   102.0      0    0.0   102.5 
        7.822K         6.757K        |   229   102.6      0    0.0   103.1 
        9.301K         6.757K        |   230   103.3      0    0.0   103.8 
        6.623K         6.757K        |   231   103.9      0    0.0   104.3 
        6.998K         6.757K        |   232   104.5      0    0.0   104.9 
        5.513K         6.757K        |   233   105.1      0    0.0   105.5 
        6.553K         6.757K        |   234   105.7      0    0.0   106.2 
        6.885K         6.757K        |   235   106.3      0    0.0   106.8 
        7.410K         6.757K        |   236   107.0      0    0.0   107.5 
        6.821K         6.757K        |   237   107.7      0    0.0   108.2 
        6.779K         6.757K        |   238   108.4      0    0.0   108.9 
        9.492K         6.757K        |   239   109.0      0    0.0   109.5 
        6.893K         6.757K        |   240   109.7      0    0.0   110.2 
        7.737K         6.757K        |   241   110.3      0    0.0   110.8 
        9.240K         6.757K        |   242   111.0      0    0.0   111.4 
        8.284K         6.757K        |   243   111.6      0    0.0   112.1 
        6.810K         6.757K        |   244   112.2      0    0.0   112.7 
        9.667K         6.757K        |   245   112.8      0    0.0   113.3 
        7.715K         6.757K        |   246   113.5      0    0.0   114.0 
        9.290K         6.757K        |   247   114.1      0    0.0   114.6 
        5.426K         6.757K        |   248   114.7      0    0.0   115.2 
        5.330K         6.757K        |   249   115.4      0    0.0   115.9 
        3.892K         6.757K        |   250   116.0      0    0.0   116.5 
        6.781K         6.757K        |   251   116.6      0    0.0   117.1 
        9.298K         6.757K        |   252   117.3      0    0.0   117.8 
        6.822K         6.757K        |   253   117.9      0    0.0   118.4 
        5.854K         6.757K        |   254   118.5      0    0.0   119.0 
        5.419K         6.757K        |   255   119.2      0    0.0   119.8 
        4.184K         6.757K        |   256   120.2      0    0.0   120.7 
        8.626K         6.757K        |   257   121.0      0    0.0   121.5 
        8.559K         6.757K        |   258   121.8      0    0.0   122.3 
        7.905K         6.757K        |   259   122.6      0    0.0   123.1 
        6.952K         6.757K        |   260   123.4      0    0.0   123.9 
        8.016K         6.757K        |   261   124.2      0    0.0   124.7 
        6.752K         6.757K        |   262   125.0      0    0.0   125.5 
        8.325K         6.757K        |   263   125.8      0    0.0   126.3 
        4.118K         6.756K        |   264   126.6      0    0.0   127.1 
        9.234K         6.756K        |   265   127.4      0    0.0   127.9 
        4.100K         6.756K        |   266   128.2      0    0.0   128.7 
        6.316K         6.756K        |   267   129.0      0    0.0   129.6 
        6.844K         6.756K        |   268   129.8      0    0.0   130.4 
        8.111K         6.756K        |   269   130.7      0    0.0   131.2 
        4.210K         6.756K        |   270   131.5      0    0.0   132.0 
        5.247K         6.756K        |   271   132.3      0    0.0   132.8 
        6.872K         6.756K        |   272   133.1      0    0.0   133.6 
        7.718K         6.756K        |   273   133.9      0    0.0   134.4 
        6.948K         6.756K        |   274   134.7      0    0.0   135.2 
        6.058K         6.756K        |   275   135.5      0    0.0   136.0 
        4.308K         6.756K        |   276   136.4      0    0.0   136.9 
        5.089K         6.756K        |   277   137.2      0    0.0   137.7 
        8.106K         6.756K        |   278   138.0      0    0.0   138.5 
        5.294K         6.756K        |   279   138.8      0    0.0   139.4 
        9.414K         6.756K        |   280   139.6      0    0.0   140.2 
        6.597K         6.756K        |   281   140.5      0    0.0   141.0 
        8.046K         6.756K        |   282   141.3      0    0.0   141.8 
        4.229K         6.756K        |   283   142.1      0    0.0   142.6 
        5.496K         6.756K        |   284   142.9      0    0.0   143.5 
        4.882K         6.756K        |   285   143.8      0    0.0   144.3 
        5.479K         6.756K        |   286   144.6      0    0.0   145.2 
        6.709K         6.756K        |   287   145.5      0    0.0   146.0 
        6.881K         6.756K        |   288   146.3      0    0.0   146.8 
        8.078K         6.756K        |   289   147.2      0    0.0   147.7 
        3.992K         6.756K        |   290   148.0      0    0.0   148.5 
        9.223K         6.756K        |   291   148.8      0    0.0   149.4 
        5.366K         6.756K        |   292   149.7      0    0.0   150.2 
        4.201K         6.756K        |   293   150.5      0    0.0   151.1 
        6.820K         6.756K        |   294   151.4      0    0.0   151.9 
        6.784K         6.756K        |   295   152.2      0    0.0   152.8 
        5.377K         6.756K        |   296   153.1      0    0.0   153.6 
        4.284K         6.756K        |   297   153.9      0    0.0   154.5 
        8.683K         6.756K        |   298   154.8      0    0.0   155.4 
        5.388K         6.756K        |   299   155.7      0    0.0   156.2 
        8.282K         6.756K        |   300   156.5      0    0.0   157.1 
        8.929K         6.756K        |   301   157.3      0    0.0   157.9 
        4.238K         6.756K        |   302   158.2      0    0.0   158.8 
        6.814K         6.756K        |   303   159.1      0    0.0   159.6 
        8.027K         6.756K        |   304   159.9      0    0.0   160.5 
        6.960K         6.756K        |   305   160.7      0    0.0   161.3 
        8.131K         6.756K        |   306   161.6      0    0.0   162.2 
        5.548K         6.756K        |   307   162.5      0    0.0   163.0 
        5.345K         6.756K        |   308   163.3      0    0.0   163.9 
        6.602K         6.756K        |   309   164.2      0    0.0   164.8 
        6.518K         6.756K        |   310   165.0      0    0.0   165.6 
        7.574K         6.756K        |   311   165.9      0    0.0   166.4 
        7.792K         6.756K        |   312   166.7      0    0.0   167.3 
        7.747K         6.756K        |   313   167.5      0    0.0   168.1 
        5.261K         6.756K        |   314   168.4      0    0.0   169.0 
        6.551K         6.756K        |   315   169.2      0    0.0   169.8 
        7.170K         6.756K        |   316   170.1      0    0.0   170.6 
        7.954K         6.756K        |   317   170.9      0    0.0   171.5 
        6.947K         6.756K        |   318   171.8      0    0.0   172.4 
        8.125K         6.756K        |   319   172.7      0    0.0   173.3 
        6.600K         6.756K        |   320   173.6      0    0.0   174.2 
        5.795K         6.756K        |   321   174.5      0    0.0   175.1 
        9.387K         6.756K        |   322   175.4      0    0.0   176.0 
        6.730K         6.756K        |   323   176.3      0    0.0   176.9 
        5.267K         6.756K        |   324   177.2      0    0.0   177.8 
        8.250K         6.756K        |   325   178.1      0    0.0   178.7 
        6.933K         6.756K        |   326   179.1      0    0.0   179.7 
        5.406K         6.756K        |   327   180.0      0    0.0   180.6 
        9.348K         6.756K        |   328   180.9      0    0.0   181.5 
        6.819K         6.756K        |   329   181.7      0    0.0   182.3 
        3.958K         6.756K        |   330   182.7      0    0.0   183.2 
        6.972K         6.755K        |   331   183.5      0    0.0   184.1 
        9.159K         6.755K        |   332   184.2      0    0.0   184.8 
        6.823K         6.755K        |   333   185.0      0    0.0   185.6 
        5.496K         6.755K        |   334   185.8      0    0.0   186.4 
        7.894K         6.755K        |   335   186.6      0    0.0   187.2 
        9.342K         6.755K        |   336   187.4      0    0.0   188.0 
        6.896K         6.755K        |   337   188.1      0    0.0   188.7 
        5.408K         6.755K        |   338   188.9      0    0.0   189.5 
        6.735K         6.755K        |   339   189.6      0    0.0   190.3 
        5.464K         6.755K        |   340   190.4      0    0.0   191.1 
        7.097K         6.755K        |   341   191.2      0    0.0   191.8 
        6.516K         6.755K        |   342   192.0      0    0.0   192.6 
        4.121K         6.755K        |   343   192.7      0    0.0   193.3 
        6.513K         6.755K        |   344   193.5      0    0.0   194.1 
        7.831K         6.755K        |   345   194.2      0    0.0   194.8 
        6.667K         6.755K        |   346   195.0      0    0.0   195.6 
        6.494K         6.755K        |   347   195.8      0    0.0   196.4 
        7.954K         6.755K        |   348   196.6      0    0.0   197.2 
        6.905K         6.755K        |   349   197.4      0    0.0   198.0 
        6.782K         6.755K        |   350   198.2      0    0.0   198.8 
        5.272K         6.755K        |   351   199.0      0    0.0   199.6 
        4.145K         6.755K        |   352   199.8      0    0.0   200.5 
        6.408K         6.755K        |   353   200.6      0    0.0   201.2 
        6.929K         6.755K        |   354   201.4      0    0.0   202.0 
        5.350K         6.755K        |   355   202.2      0    0.0   202.8 
        6.298K         6.755K        |   356   203.0      0    0.0   203.6 
        7.006K         6.755K        |   357   203.7      0    0.0   204.4 
        6.879K         6.755K        |   358   204.5      0    0.0   205.2 
        6.583K         6.755K        |   359   205.3      0    0.0   206.0 
        6.187K         6.755K        |   360   206.1      0    0.0   206.7 
        5.686K         6.755K        |   361   206.9      0    0.0   207.5 
        5.420K         6.755K        |   362   207.7      0    0.0   208.3 
        5.670K         6.755K        |   363   208.4      0    0.0   209.1 
        9.310K         6.755K        |   364   209.2      0    0.0   209.9 
        6.505K         6.755K        |   365   210.0      0    0.0   210.7 
        8.445K         6.755K        |   366   210.8      0    0.0   211.5 
        8.308K         6.755K        |   367   211.6      0    0.0   212.3 
        6.697K         6.755K        |   368   212.4      0    0.0   213.1 
        8.351K         6.755K        |   369   213.2      0    0.0   213.9 
        4.145K         6.755K        |   370   214.0      0    0.0   214.7 
        5.483K         6.755K        |   371   214.9      0    0.0   215.5 
        6.974K         6.755K        |   372   215.7      0    0.0   216.3 
        9.618K         6.755K        |   373   216.5      0    0.0   217.2 
        7.510K         6.755K        |   374   217.4      0    0.0   218.0 
        6.827K         6.755K        |   375   218.3      0    0.0   218.9 
        6.465K         6.755K        |   376   219.1      0    0.0   219.8 
        8.138K         6.755K        |   377   219.9      0    0.0   220.6 
        4.281K         6.755K        |   378   220.7      0    0.0   221.4 
        7.622K         6.755K        |   379   221.7      0    0.0   222.3 
        8.025K         6.755K        |   380   222.5      0    0.0   223.2 
        8.400K         6.755K        |   381   223.3      0    0.0   224.0 
        9.376K         6.755K        |   382   224.2      0    0.0   224.8 
        8.213K         6.755K        |   383   225.1      0    0.0   225.7 
        6.834K         6.755K        |   384   225.9      0    0.0   226.6 
        8.121K         6.755K        |   385   226.8      0    0.0   227.4 
        6.889K         6.755K        |   386   227.6      0    0.0   228.3 
        8.212K         6.755K        |   387   228.5      0    0.0   229.2 
        8.146K         6.755K        |   388   229.4      0    0.0   230.0 
        6.715K         6.755K        |   389   230.2      0    0.0   230.8 
        9.197K         6.755K        |   390   231.1      0    0.0   231.7 
        9.293K         6.755K        |   391   231.9      0    0.0   232.6 
        6.803K         6.755K        |   392   232.7      0    0.0   233.4 
        9.439K         6.755K        |   393   233.6      0    0.0   234.3 
        7.601K         6.755K        |   394   234.4      0    0.0   235.1 
        8.533K         6.755K        |   395   235.3      0    0.0   236.0 
        8.022K         6.755K        |   396   236.2      0    0.0   236.9 
        6.696K         6.755K        |   397   237.1      0    0.0   237.7 
        5.455K         6.755K        |   398   237.9      0    0.0   238.6 
        6.405K         6.755K        |   399   238.8      0    0.0   239.5 
        8.340K         6.755K        |   400   239.6      0    0.0   240.3 
        7.938K         6.755K        |   401   240.5      0    0.0   241.2 
        6.591K         6.755K        |   402   241.3      0    0.0   242.0 
        8.861K         6.755K        |   403   242.2      0    0.0   242.9 
        8.115K         6.755K        |   404   243.1      0    0.0   243.8 
        7.896K         6.755K        |   405   243.9      0    0.0   244.6 
        4.145K         6.755K        |   406   244.8      0    0.0   245.5 
        6.792K         6.755K        |   407   245.7      0    0.0   246.4 
        6.770K         6.755K        |   408   246.5      0    0.0   247.2 
        6.821K         6.755K        |   409   247.4      0    0.0   248.1 
        5.461K         6.755K        |   410   248.2      0    0.0   248.9 
        6.657K         6.755K        |   411   249.1      0    0.0   249.8 
        5.605K         6.755K        |   412   250.0      0    0.0   250.7 
        6.864K         6.755K        |   413   250.8      0    0.0   251.6 
        5.487K         6.755K        |   414   251.7      0    0.0   252.5 
        6.948K         6.755K        |   415   252.7      0    0.0   253.4 
        6.792K         6.755K        |   416   253.6      0    0.0   254.3 
        5.409K         6.755K        |   417   254.5      0    0.0   255.2 
        6.820K         6.755K        |   418   255.4      0    0.0   256.1 
        7.820K         6.755K        |   419   256.4      0    0.0   257.1 
        6.431K         6.755K        |   420   257.3      0    0.0   258.0 
        4.012K         6.755K        |   421   258.4      0    0.0   259.1 
        5.664K         6.755K        |   422   259.3      0    0.0   260.0 
        6.579K         6.755K        |   423   260.2      0    0.0   260.9 
        5.583K         6.755K        |   424   261.1      0    0.0   261.9 
        5.301K         6.755K        |   425   262.1      0    0.0   262.8 
        6.722K         6.755K        |   426   263.0      0    0.0   263.8 
        9.877K         6.755K        |   427   264.0      0    0.0   264.8 
        4.280K         6.755K        |   428   265.0      0    0.0   265.7 
        8.268K         6.755K        |   429   265.9      0    0.0   266.6 
        6.665K         6.755K        |   430   266.8      0    0.0   267.6 
        6.381K         6.755K        |   431   267.7      0    0.0   268.5 
        9.305K         6.755K        |   432   268.7      0    0.0   269.4 
        6.950K         6.755K        |   433   269.6      0    0.0   270.4 
        4.297K         6.755K        |   434   270.7      0    0.0   271.4 
        7.790K         6.755K        |   435   271.7      0    0.0   272.4 
        9.313K         6.755K        |   436   272.6      0    0.0   273.4 
        7.982K         6.755K        |   437   273.6      0    0.0   274.3 
        6.798K         6.755K        |   438   274.5      0    0.0   275.3 
        6.598K         6.755K        |   439   275.5      0    0.0   276.3 
        5.712K         6.755K        |   440   276.5      0    0.0   277.3 
        6.461K         6.755K        |   441   277.4      0    0.0   278.2 
        6.732K         6.755K        |   442   278.4      0    0.0   279.1 
        6.728K         6.755K        |   443   279.3      0    0.0   280.1 
        5.340K         6.755K        |   444   280.3      0    0.0   281.1 
        6.619K         6.754K        |   445   281.3      0    0.0   282.0 
        9.237K         6.754K        |   446   282.4      0    0.0   283.1 
        7.950K         6.754K        |   447   283.4      0    0.0   284.2 
        5.388K         6.754K        |   448   284.4      0    0.0   285.2 
        6.730K         6.754K        |   449   285.4      0    0.0   286.2 
        5.424K         6.754K        |   450   286.5      0    0.0   287.3 
        4.166K         6.754K        |   451   287.6      0    0.0   288.4 
        6.723K         6.754K        |   452   288.6      0    0.0   289.4 
        5.451K         6.754K        |   453   289.7      0    0.0   290.5 
        9.317K         6.754K        |   454   290.7      0    0.0   291.5 
        3.920K         6.754K        |   455   291.9      0    0.0   292.7 
        5.679K         6.754K        |   456   292.9      0    0.0   293.7 
        6.680K         6.754K        |   457   293.9      0    0.0   294.7 
        8.405K         6.754K        |   458   295.1      0    0.0   295.9 
        5.477K         6.754K        |   459   296.1      0    0.0   296.9 
        6.854K         6.754K        |   460   297.1      0    0.0   297.9 
        8.168K         6.754K        |   461   298.1      0    0.0   298.9 
        4.214K         6.754K        |   462   299.2      0    0.0   300.0 
        5.655K         6.754K        |   463   300.2      0    0.0   301.0 
        9.369K         6.754K        |   464   301.3      0    0.0   302.1 
        8.647K         6.754K        |   465   302.4      0    0.0   303.2 
        7.868K         6.754K        |   466   303.4      0    0.0   304.2 
        5.427K         6.754K        |   467   304.4      0    0.0   305.2 
        4.104K         6.754K        |   468   305.6      0    0.0   306.4 
        6.823K         6.754K        |   469   306.6      0    0.0   307.4 
        5.505K         6.754K        |   470   307.7      0    0.0   308.5 
        6.987K         6.754K        |   471   308.7      0    0.0   309.5 
        5.598K         6.754K        |   472   309.8      0    0.0   310.6 
        6.995K         6.754K        |   473   310.8      0    0.0   311.6 
        9.543K         6.754K        |   474   311.9      0    0.0   312.7 
        6.753K         6.754K        |   475   312.9      0    0.0   313.7 
        8.002K         6.754K        |   476   314.0      0    0.0   314.8 
        8.374K         6.754K        |   477   315.0      0    0.0   315.8 
        6.590K         6.754K        |   478   316.0      0    0.0   316.9 
        5.335K         6.754K        |   479   317.1      0    0.0   317.9 
        8.033K         6.754K        |   480   318.2      0    0.0   319.0 
        6.819K         6.754K        |   481   319.3      0    0.0   320.2 
        5.485K         6.754K        |   482   320.4      0    0.0   321.3 
        6.437K         6.754K        |   483   321.6      0    0.0   322.4 
        6.739K         6.754K        |   484   322.7      0    0.0   323.5 
        4.361K         6.754K        |   485   323.8      0    0.0   324.7 
        5.420K         6.754K        |   486   324.9      0    0.0   325.8 
        5.337K         6.754K        |   487   326.1      0    0.0   326.9 
        6.813K         6.754K        |   488   327.1      0    0.0   328.0 
        8.037K         6.754K        |   489   328.2      0    0.0   329.1 
        6.811K         6.754K        |   490   329.4      0    0.0   330.2 
        3.954K         6.754K        |   491   330.6      0    0.0   331.4 
        4.238K         6.754K        |   492   331.7      0    0.0   332.6 
        5.498K         6.754K        |   493   332.8      0    0.0   333.7 
        6.444K         6.754K        |   494   333.9      0    0.0   334.8 
        9.609K         6.754K        |   495   335.1      0    0.0   335.9 
        5.489K         6.754K        |   496   336.2      0    0.0   337.1 
        6.903K         6.754K        |   497   337.4      0    0.0   338.3 
        7.970K         6.754K        |   498   338.6      0    0.0   339.4 
        5.231K         6.754K        |   499   339.8      0    0.0   340.6 
        5.463K         6.754K        |   500   340.9      0    0.0   341.8 
--------------------------------------------------------------------------------
 [1m──────────────────────────────────────────────────────────────────────────────[22m
 [1m      Timing statistics       [22m        Time                   Allocations      
                               ──────────────────────   ───────────────────────
       Tot / % measured:             342s / 100%            27.1GiB / 100%     

 Section               ncalls     time   %tot     avg     alloc   %tot      avg
 ──────────────────────────────────────────────────────────────────────────────
 Solve                      1     342s   100%    342s   27.1GiB  100%   27.1GiB
   Iteration Phase        500     341s   100%   682ms   27.1GiB  100%   55.4MiB
     Backward Pass        500     331s  97.0%   663ms   26.4GiB  97.7%  54.1MiB
       JuMP.solve       1.12M     319s  93.3%   286μs   25.6GiB  94.7%  24.1KiB
         optimize!      1.12M     212s  62.1%   190μs         -  0.00%        -
         prep JuMP ...  1.12M    90.9s  26.6%  81.4μs   17.9GiB  66.1%  16.8KiB
         getsolution    1.12M    13.7s  4.02%  12.3μs   7.60GiB  28.1%  7.14KiB
       Cut addition     52.5k    5.58s  1.63%   106μs    317MiB  1.14%  6.19KiB
         cut to file    52.5k    417ms  0.12%  7.94μs   70.6MiB  0.25%  1.38KiB
         risk measure   52.5k   74.5ms  0.02%  1.42μs   54.8MiB  0.20%  1.07KiB
     Forward Pass         500    9.43s  2.76%  18.9ms    648MiB  2.34%  1.30MiB
       JuMP.solve       26.0k    8.99s  2.63%   346μs    621MiB  2.24%  24.5KiB
         optimize!      26.0k    5.86s  1.72%   226μs         -  0.00%        -
         prep JuMP ...  26.0k    2.70s  0.79%   104μs    434MiB  1.57%  17.1KiB
         getsolution    26.0k    387ms  0.11%  14.9μs    183MiB  0.66%  7.23KiB
 [1m──────────────────────────────────────────────────────────────────────────────[22m
    Other Statistics:
        Iterations:         500
        Termination Status: max_iterations
================================================================================
