--------------------------------------------------------------------------------
                      SDDP Solver. © Oscar Dowson, 2017.
--------------------------------------------------------------------------------
    Solver:
        Serial solver
    Model:
        Stages:         52
        States:         5
        Subproblems:    110
        Value Function: Default
--------------------------------------------------------------------------------
              Objective              |  Cut  Passes    Simulations   Total    
     Simulation       Bound   % Gap  |   #     Time     #    Time    Time     
--------------------------------------------------------------------------------
      -68.780M         1.060M        |     1    0.3      0    0.0    0.3 
      -60.462M         1.060M        |     2    0.5      0    0.0    0.5 
      -59.599M         1.060M        |     3    0.7      0    0.0    0.7 
      -44.037M         1.060M        |     4    0.9      0    0.0    0.9 
      -29.858M         1.060M        |     5    1.1      0    0.0    1.1 
      -15.490M         1.060M        |     6    1.3      0    0.0    1.3 
       -7.795M         1.060M        |     7    1.5      0    0.0    1.5 
       -6.036M         1.060M        |     8    1.7      0    0.0    1.7 
       -1.635M         1.060M        |     9    1.9      0    0.0    2.0 
       -1.153K        21.006K        |    10    2.2      0    0.0    2.2 
      -54.412M        20.997K        |    11    2.4      0    0.0    2.4 
      -36.936M        20.988K        |    12    2.6      0    0.0    2.6 
      -16.608M        20.979K        |    13    2.8      0    0.0    2.8 
       -7.005M        20.969K        |    14    3.1      0    0.0    3.1 
     -358.648K        20.959K        |    15    3.3      0    0.0    3.3 
     -969.186K        20.949K        |    16    3.6      0    0.0    3.6 
     -102.063K        20.940K        |    17    3.8      0    0.0    3.8 
     -680.787K        20.930K        |    18    4.1      0    0.0    4.1 
     -371.496K        20.920K        |    19    4.3      0    0.0    4.3 
       -1.209M        20.909K        |    20    4.6      0    0.0    4.6 
       -3.640M        20.789K        |    21    4.8      0    0.0    4.9 
       -2.247M        20.767K        |    22    5.1      0    0.0    5.1 
       -1.792M        20.754K        |    23    5.3      0    0.0    5.4 
       -2.051M        20.713K        |    24    5.6      0    0.0    5.6 
     -640.070K        20.713K        |    25    5.8      0    0.0    5.9 
     -164.477K        20.712K        |    26    6.1      0    0.0    6.1 
       -2.933M        20.697K        |    27    6.3      0    0.0    6.3 
       -1.321M        20.657K        |    28    6.7      0    0.0    6.8 
     -143.136K        14.927K        |    29    7.2      0    0.0    7.3 
       -7.397K        14.909K        |    30    7.5      0    0.0    7.6 
        2.742K        14.892K        |    31    7.8      0    0.0    7.8 
       -6.685K        14.855K        |    32    8.0      0    0.0    8.1 
      -14.249K        14.740K        |    33    8.4      0    0.0    8.4 
       -7.734K        14.728K        |    34    8.7      0    0.0    8.7 
        1.577K        14.724K        |    35    9.0      0    0.0    9.0 
     -557.418K        11.157K        |    36    9.2      0    0.0    9.3 
        5.040K        10.798K        |    37    9.5      0    0.0    9.5 
     -248.276K         9.217K        |    38    9.8      0    0.0    9.8 
        5.751K         8.698K        |    39   10.1      0    0.0   10.1 
        4.349K         8.688K        |    40   10.3      0    0.0   10.4 
        5.962K         8.678K        |    41   10.6      0    0.0   10.7 
        4.759K         8.363K        |    42   10.9      0    0.0   11.0 
        4.826K         8.349K        |    43   11.2      0    0.0   11.3 
        2.421K         8.348K        |    44   11.5      0    0.0   11.5 
        4.579K         8.258K        |    45   11.8      0    0.0   11.9 
        6.405K         8.137K        |    46   12.1      0    0.0   12.1 
        6.808K         8.037K        |    47   12.4      0    0.0   12.4 
        6.480K         8.022K        |    48   12.7      0    0.0   12.7 
        6.059K         7.975K        |    49   13.0      0    0.0   13.0 
        5.958K         7.937K        |    50   13.3      0    0.0   13.3 
        6.073K         7.891K        |    51   13.6      0    0.0   13.6 
        4.770K         7.891K        |    52   13.9      0    0.0   13.9 
        4.666K         7.888K        |    53   14.2      0    0.0   14.2 
        5.256K         7.873K        |    54   14.5      0    0.0   14.5 
        6.455K         7.841K        |    55   14.8      0    0.0   14.8 
        6.135K         7.839K        |    56   15.0      0    0.0   15.1 
        8.242K         7.800K        |    57   15.4      0    0.0   15.4 
        7.827K         7.589K        |    58   15.7      0    0.0   15.7 
        3.642K         7.331K        |    59   16.0      0    0.0   16.0 
        4.735K         7.330K        |    60   16.3      0    0.0   16.3 
        4.194K         7.327K        |    61   16.6      0    0.0   16.6 
        5.702K         7.323K        |    62   16.9      0    0.0   16.9 
        6.623K         7.320K        |    63   17.2      0    0.0   17.3 
        4.380K         7.316K        |    64   17.5      0    0.0   17.6 
        6.049K         7.291K        |    65   17.8      0    0.0   17.9 
        6.455K         7.274K        |    66   18.1      0    0.0   18.2 
        6.515K         7.012K        |    67   18.4      0    0.0   18.5 
        7.587K         6.743K        |    68   18.8      0    0.0   18.8 
        5.884K         6.727K        |    69   19.1      0    0.0   19.1 
        5.741K         6.726K        |    70   19.4      0    0.0   19.5 
        6.406K         6.726K        |    71   19.7      0    0.0   19.8 
        6.888K         6.699K        |    72   20.0      0    0.0   20.1 
        5.715K         6.697K        |    73   20.4      0    0.0   20.4 
        6.572K         6.638K        |    74   20.7      0    0.0   20.8 
        6.536K         6.620K        |    75   21.0      0    0.0   21.1 
        7.208K         6.593K        |    76   21.4      0    0.0   21.4 
        6.456K         6.592K        |    77   21.7      0    0.0   21.7 
        6.870K         6.560K        |    78   22.0      0    0.0   22.1 
        6.380K         6.530K        |    79   22.3      0    0.0   22.4 
        6.141K         6.485K        |    80   22.6      0    0.0   22.7 
        6.665K         6.484K        |    81   23.0      0    0.0   23.0 
        6.563K         6.482K        |    82   23.3      0    0.0   23.4 
        6.625K         6.479K        |    83   23.6      0    0.0   23.7 
        6.795K         6.479K        |    84   24.0      0    0.0   24.0 
        6.610K         6.475K        |    85   24.3      0    0.0   24.4 
        6.629K         6.459K        |    86   24.7      0    0.0   24.7 
        6.645K         6.434K        |    87   25.0      0    0.0   25.1 
        6.705K         6.414K        |    88   25.4      0    0.0   25.5 
        6.158K         6.391K        |    89   25.7      0    0.0   25.8 
        6.614K         6.366K        |    90   26.1      0    0.0   26.2 
        6.300K         6.365K        |    91   26.4      0    0.0   26.5 
        6.815K         6.365K        |    92   26.8      0    0.0   26.9 
        6.851K         6.360K        |    93   27.1      0    0.0   27.2 
        6.369K         6.352K        |    94   27.5      0    0.0   27.6 
        6.796K         6.351K        |    95   27.9      0    0.0   28.0 
        6.886K         6.335K        |    96   28.2      0    0.0   28.3 
        6.260K         6.334K        |    97   28.6      0    0.0   28.7 
        6.754K         6.334K        |    98   28.9      0    0.0   29.0 
        6.615K         6.328K        |    99   29.3      0    0.0   29.4 
        6.668K         6.328K        |   100   29.6      0    0.0   29.7 
        6.934K         6.327K        |   101   30.0      0    0.0   30.1 
        6.304K         6.324K        |   102   30.4      0    0.0   30.5 
        6.270K         6.322K        |   103   30.7      0    0.0   30.8 
        6.640K         6.322K        |   104   31.1      0    0.0   31.2 
        6.535K         6.322K        |   105   31.5      0    0.0   31.6 
        6.624K         6.322K        |   106   31.8      0    0.0   31.9 
        6.546K         6.322K        |   107   32.2      0    0.0   32.3 
        6.825K         6.322K        |   108   32.6      0    0.0   32.7 
        6.620K         6.322K        |   109   32.9      0    0.0   33.0 
        7.009K         6.322K        |   110   33.3      0    0.0   33.4 
        6.345K         6.322K        |   111   33.7      0    0.0   33.8 
        6.542K         6.322K        |   112   34.1      0    0.0   34.2 
        6.480K         6.320K        |   113   34.4      0    0.0   34.5 
        6.705K         6.319K        |   114   34.8      0    0.0   34.9 
        6.636K         6.319K        |   115   35.2      0    0.0   35.3 
        6.605K         6.319K        |   116   35.6      0    0.0   35.7 
        6.892K         6.319K        |   117   35.9      0    0.0   36.1 
        6.853K         6.319K        |   118   36.3      0    0.0   36.4 
        6.649K         6.319K        |   119   36.7      0    0.0   36.8 
        6.542K         6.319K        |   120   37.1      0    0.0   37.2 
        6.571K         6.319K        |   121   37.5      0    0.0   37.6 
        6.818K         6.318K        |   122   37.9      0    0.0   38.0 
        6.764K         6.318K        |   123   38.3      0    0.0   38.4 
        6.646K         6.318K        |   124   38.6      0    0.0   38.8 
        6.684K         6.318K        |   125   39.0      0    0.0   39.1 
        6.761K         6.318K        |   126   39.4      0    0.0   39.5 
        6.444K         6.318K        |   127   39.8      0    0.0   39.9 
        6.804K         6.317K        |   128   40.2      0    0.0   40.4 
        6.730K         6.317K        |   129   40.6      0    0.0   40.8 
        6.666K         6.317K        |   130   41.1      0    0.0   41.2 
        7.019K         6.317K        |   131   41.5      0    0.0   41.6 
        6.454K         6.317K        |   132   41.9      0    0.0   42.0 
        6.585K         6.317K        |   133   42.3      0    0.0   42.4 
        6.446K         6.315K        |   134   42.7      0    0.0   42.8 
        6.774K         6.315K        |   135   43.1      0    0.0   43.2 
        6.668K         6.315K        |   136   43.5      0    0.0   43.7 
        7.062K         6.315K        |   137   43.9      0    0.0   44.1 
        6.458K         6.314K        |   138   44.4      0    0.0   44.5 
        6.667K         6.314K        |   139   44.8      0    0.0   44.9 
        6.774K         6.314K        |   140   45.2      0    0.0   45.3 
        6.470K         6.314K        |   141   45.6      0    0.0   45.8 
        6.757K         6.313K        |   142   46.0      0    0.0   46.2 
        6.716K         6.312K        |   143   46.4      0    0.0   46.6 
        6.929K         6.311K        |   144   46.9      0    0.0   47.0 
        6.570K         6.311K        |   145   47.3      0    0.0   47.4 
        6.587K         6.311K        |   146   47.7      0    0.0   47.9 
        6.810K         6.311K        |   147   48.2      0    0.0   48.3 
        6.912K         6.311K        |   148   48.6      0    0.0   48.7 
        6.560K         6.310K        |   149   49.0      0    0.0   49.2 
        6.445K         6.310K        |   150   49.4      0    0.0   49.6 
        6.768K         6.310K        |   151   49.8      0    0.0   50.0 
        6.303K         6.310K        |   152   50.3      0    0.0   50.4 
        6.960K         6.310K        |   153   50.7      0    0.0   50.9 
        6.911K         6.310K        |   154   51.1      0    0.0   51.3 
        6.806K         6.310K        |   155   51.6      0    0.0   51.7 
        6.773K         6.310K        |   156   52.0      0    0.0   52.2 
        6.518K         6.310K        |   157   52.5      0    0.0   52.6 
        6.831K         6.310K        |   158   52.9      0    0.0   53.1 
        6.998K         6.310K        |   159   53.3      0    0.0   53.5 
        6.580K         6.310K        |   160   53.8      0    0.0   54.0 
        6.676K         6.309K        |   161   54.3      0    0.0   54.4 
        7.001K         6.309K        |   162   54.7      0    0.0   54.9 
        6.666K         6.309K        |   163   55.1      0    0.0   55.3 
        6.618K         6.309K        |   164   55.6      0    0.0   55.7 
        6.794K         6.309K        |   165   56.0      0    0.0   56.2 
        6.650K         6.309K        |   166   56.5      0    0.0   56.6 
        6.633K         6.309K        |   167   56.9      0    0.0   57.1 
        6.883K         6.309K        |   168   57.4      0    0.0   57.5 
        6.854K         6.309K        |   169   57.8      0    0.0   58.0 
        6.546K         6.309K        |   170   58.2      0    0.0   58.4 
        6.695K         6.309K        |   171   58.7      0    0.0   58.9 
        6.623K         6.308K        |   172   59.1      0    0.0   59.3 
        7.171K         6.308K        |   173   59.6      0    0.0   59.8 
        6.772K         6.308K        |   174   60.1      0    0.0   60.3 
        6.668K         6.308K        |   175   60.5      0    0.0   60.7 
        6.764K         6.308K        |   176   61.0      0    0.0   61.2 
        6.820K         6.308K        |   177   61.5      0    0.0   61.6 
        6.516K         6.307K        |   178   61.9      0    0.0   62.1 
        6.710K         6.306K        |   179   62.4      0    0.0   62.6 
        6.401K         6.306K        |   180   62.9      0    0.0   63.0 
        6.945K         6.306K        |   181   63.3      0    0.0   63.5 
        6.805K         6.306K        |   182   63.8      0    0.0   64.0 
        6.602K         6.306K        |   183   64.2      0    0.0   64.4 
        6.307K         6.305K        |   184   64.7      0    0.0   64.9 
        6.437K         6.305K        |   185   65.2      0    0.0   65.4 
        6.801K         6.305K        |   186   65.7      0    0.0   65.8 
        6.842K         6.305K        |   187   66.1      0    0.0   66.3 
        6.136K         6.305K        |   188   66.6      0    0.0   66.8 
        6.642K         6.305K        |   189   67.1      0    0.0   67.3 
        6.960K         6.305K        |   190   67.5      0    0.0   67.7 
        6.507K         6.304K        |   191   68.0      0    0.0   68.2 
        6.560K         6.304K        |   192   68.5      0    0.0   68.7 
        6.567K         6.304K        |   193   69.0      0    0.0   69.2 
        6.784K         6.304K        |   194   69.5      0    0.0   69.7 
        6.461K         6.304K        |   195   70.0      0    0.0   70.2 
        6.804K         6.304K        |   196   70.5      0    0.0   70.6 
        6.773K         6.304K        |   197   71.0      0    0.0   71.2 
        6.799K         6.304K        |   198   71.5      0    0.0   71.7 
        6.538K         6.304K        |   199   72.0      0    0.0   72.2 
        6.576K         6.304K        |   200   72.5      0    0.0   72.7 
        6.629K         6.304K        |   201   73.0      0    0.0   73.2 
        6.619K         6.304K        |   202   73.5      0    0.0   73.7 
        6.743K         6.304K        |   203   74.0      0    0.0   74.2 
        6.346K         6.304K        |   204   74.5      0    0.0   74.7 
        6.582K         6.304K        |   205   75.0      0    0.0   75.2 
        6.708K         6.304K        |   206   75.5      0    0.0   75.7 
        6.838K         6.303K        |   207   76.0      0    0.0   76.2 
        6.714K         6.303K        |   208   76.5      0    0.0   76.7 
        6.665K         6.303K        |   209   77.0      0    0.0   77.2 
        6.961K         6.303K        |   210   77.5      0    0.0   77.7 
        6.779K         6.303K        |   211   78.0      0    0.0   78.2 
        6.731K         6.303K        |   212   78.5      0    0.0   78.8 
        6.608K         6.303K        |   213   79.1      0    0.0   79.3 
        7.083K         6.303K        |   214   79.6      0    0.0   79.8 
        6.627K         6.303K        |   215   80.1      0    0.0   80.3 
        6.778K         6.303K        |   216   80.7      0    0.0   80.9 
        6.599K         6.303K        |   217   81.2      0    0.0   81.5 
        6.481K         6.303K        |   218   81.8      0    0.0   82.0 
        6.937K         6.303K        |   219   82.3      0    0.0   82.5 
        6.573K         6.303K        |   220   82.8      0    0.0   83.0 
        6.578K         6.303K        |   221   83.3      0    0.0   83.5 
        6.835K         6.303K        |   222   83.8      0    0.0   84.1 
        7.103K         6.303K        |   223   84.4      0    0.0   84.6 
        6.717K         6.303K        |   224   85.0      0    0.0   85.2 
        6.720K         6.303K        |   225   85.5      0    0.0   85.7 
        6.808K         6.303K        |   226   86.0      0    0.0   86.3 
        6.846K         6.303K        |   227   86.6      0    0.0   86.8 
        6.726K         6.303K        |   228   87.1      0    0.0   87.3 
        6.832K         6.303K        |   229   88.0      0    0.0   88.2 
        6.791K         6.302K        |   230   88.5      0    0.0   88.8 
        6.591K         6.302K        |   231   89.1      0    0.0   89.3 
        7.150K         6.302K        |   232   89.6      0    0.0   89.9 
        6.801K         6.302K        |   233   90.1      0    0.0   90.4 
        6.894K         6.302K        |   234   90.7      0    0.0   90.9 
        6.791K         6.302K        |   235   91.2      0    0.0   91.5 
        6.825K         6.302K        |   236   91.7      0    0.0   92.0 
        6.902K         6.302K        |   237   92.3      0    0.0   92.5 
        6.486K         6.302K        |   238   92.8      0    0.0   93.0 
        6.586K         6.302K        |   239   93.4      0    0.0   93.6 
        6.783K         6.302K        |   240   93.9      0    0.0   94.1 
        6.748K         6.302K        |   241   94.4      0    0.0   94.7 
        6.492K         6.302K        |   242   95.0      0    0.0   95.2 
        6.510K         6.302K        |   243   95.5      0    0.0   95.8 
        6.467K         6.302K        |   244   96.1      0    0.0   96.3 
        6.817K         6.302K        |   245   96.7      0    0.0   96.9 
        6.782K         6.302K        |   246   97.2      0    0.0   97.5 
        6.590K         6.302K        |   247   97.8      0    0.0   98.0 
        6.771K         6.302K        |   248   98.4      0    0.0   98.6 
        6.834K         6.302K        |   249   99.0      0    0.0   99.2 
        6.810K         6.302K        |   250   99.5      0    0.0   99.8 
        6.875K         6.302K        |   251   100.1      0    0.0   100.4 
        6.534K         6.302K        |   252   100.6      0    0.0   100.9 
        6.652K         6.302K        |   253   101.2      0    0.0   101.5 
        6.849K         6.302K        |   254   101.8      0    0.0   102.0 
        6.656K         6.302K        |   255   102.3      0    0.0   102.6 
        6.626K         6.301K        |   256   102.9      0    0.0   103.2 
        6.515K         6.301K        |   257   103.5      0    0.0   103.7 
        6.619K         6.301K        |   258   104.1      0    0.0   104.3 
        6.998K         6.301K        |   259   104.6      0    0.0   104.9 
        6.878K         6.301K        |   260   105.2      0    0.0   105.5 
        6.598K         6.301K        |   261   105.8      0    0.0   106.1 
        6.721K         6.301K        |   262   106.4      0    0.0   106.7 
        6.060K         6.301K        |   263   107.0      0    0.0   107.2 
        6.856K         6.301K        |   264   107.6      0    0.0   107.8 
        6.623K         6.301K        |   265   108.1      0    0.0   108.4 
        6.975K         6.301K        |   266   108.8      0    0.0   109.0 
        6.611K         6.301K        |   267   109.3      0    0.0   109.6 
        6.575K         6.301K        |   268   109.9      0    0.0   110.2 
        6.721K         6.301K        |   269   110.5      0    0.0   110.8 
        6.647K         6.301K        |   270   111.1      0    0.0   111.4 
        6.766K         6.301K        |   271   111.7      0    0.0   112.0 
        6.774K         6.301K        |   272   112.3      0    0.0   112.6 
        6.638K         6.301K        |   273   112.9      0    0.0   113.2 
        6.809K         6.301K        |   274   113.5      0    0.0   113.8 
        6.888K         6.301K        |   275   114.1      0    0.0   114.4 
        6.832K         6.301K        |   276   114.7      0    0.0   115.0 
        6.810K         6.301K        |   277   115.3      0    0.0   115.6 
        6.745K         6.301K        |   278   116.0      0    0.0   116.3 
        6.779K         6.301K        |   279   116.7      0    0.0   117.0 
        6.776K         6.301K        |   280   117.3      0    0.0   117.6 
        6.635K         6.301K        |   281   118.0      0    0.0   118.3 
        6.769K         6.301K        |   282   118.6      0    0.0   118.9 
        6.692K         6.301K        |   283   119.3      0    0.0   119.6 
        6.654K         6.301K        |   284   120.0      0    0.0   120.3 
        6.140K         6.301K        |   285   120.6      0    0.0   120.9 
        7.067K         6.301K        |   286   121.3      0    0.0   121.6 
        6.843K         6.301K        |   287   121.9      0    0.0   122.2 
        6.566K         6.301K        |   288   122.6      0    0.0   122.9 
        6.644K         6.301K        |   289   123.3      0    0.0   123.6 
        6.451K         6.300K        |   290   123.9      0    0.0   124.2 
        6.756K         6.300K        |   291   124.6      0    0.0   124.9 
        6.674K         6.300K        |   292   125.2      0    0.0   125.5 
        6.774K         6.300K        |   293   125.9      0    0.0   126.2 
        6.566K         6.300K        |   294   126.6      0    0.0   126.9 
        6.573K         6.300K        |   295   127.3      0    0.0   127.6 
        6.604K         6.300K        |   296   128.0      0    0.0   128.3 
        6.873K         6.300K        |   297   128.6      0    0.0   128.9 
        6.936K         6.300K        |   298   129.3      0    0.0   129.6 
        6.550K         6.300K        |   299   130.0      0    0.0   130.3 
        6.661K         6.300K        |   300   130.7      0    0.0   131.0 
        6.683K         6.300K        |   301   131.4      0    0.0   131.7 
        6.656K         6.300K        |   302   132.1      0    0.0   132.4 
        6.488K         6.300K        |   303   132.8      0    0.0   133.1 
        6.719K         6.300K        |   304   133.5      0    0.0   133.8 
        6.576K         6.300K        |   305   134.2      0    0.0   134.5 
        6.586K         6.300K        |   306   134.9      0    0.0   135.2 
        6.954K         6.300K        |   307   135.6      0    0.0   135.9 
        6.758K         6.300K        |   308   136.3      0    0.0   136.6 
        6.403K         6.300K        |   309   137.0      0    0.0   137.3 
        6.503K         6.300K        |   310   138.1      0    0.0   138.4 
        6.652K         6.300K        |   311   138.9      0    0.0   139.2 
        6.906K         6.300K        |   312   139.6      0    0.0   139.9 
        6.618K         6.300K        |   313   140.3      0    0.0   140.6 
        6.388K         6.300K        |   314   141.0      0    0.0   141.3 
        6.795K         6.300K        |   315   141.6      0    0.0   142.0 
        6.753K         6.300K        |   316   142.3      0    0.0   142.7 
        6.833K         6.300K        |   317   143.4      0    0.0   143.7 
        6.754K         6.300K        |   318   144.2      0    0.0   144.5 
        6.693K         6.300K        |   319   145.0      0    0.0   145.3 
        6.985K         6.300K        |   320   145.7      0    0.0   146.1 
        7.085K         6.300K        |   321   146.5      0    0.0   146.9 
        6.578K         6.300K        |   322   147.3      0    0.0   147.6 
        6.540K         6.300K        |   323   148.0      0    0.0   148.4 
        7.229K         6.300K        |   324   148.8      0    0.0   149.2 
        7.162K         6.300K        |   325   149.6      0    0.0   149.9 
        6.809K         6.300K        |   326   150.3      0    0.0   150.7 
        6.849K         6.300K        |   327   151.1      0    0.0   151.4 
        6.849K         6.300K        |   328   151.8      0    0.0   152.2 
        6.869K         6.300K        |   329   152.5      0    0.0   152.9 
        7.146K         6.300K        |   330   153.2      0    0.0   153.6 
        6.571K         6.300K        |   331   154.0      0    0.0   154.3 
        6.389K         6.300K        |   332   154.6      0    0.0   155.0 
        6.668K         6.300K        |   333   155.4      0    0.0   155.8 
        6.657K         6.300K        |   334   156.1      0    0.0   156.5 
        6.647K         6.300K        |   335   156.8      0    0.0   157.1 
        6.687K         6.300K        |   336   157.6      0    0.0   157.9 
        6.845K         6.300K        |   337   158.3      0    0.0   158.6 
        6.872K         6.300K        |   338   159.1      0    0.0   159.4 
        6.807K         6.300K        |   339   159.8      0    0.0   160.2 
        6.702K         6.300K        |   340   160.6      0    0.0   161.0 
        6.604K         6.300K        |   341   161.4      0    0.0   161.8 
        6.688K         6.300K        |   342   162.2      0    0.0   162.6 
        6.551K         6.300K        |   343   163.0      0    0.0   163.4 
        6.823K         6.300K        |   344   163.8      0    0.0   164.2 
        6.411K         6.300K        |   345   164.5      0    0.0   164.9 
        6.906K         6.300K        |   346   165.2      0    0.0   165.6 
        6.596K         6.300K        |   347   165.9      0    0.0   166.3 
        6.506K         6.300K        |   348   166.6      0    0.0   167.0 
        6.624K         6.300K        |   349   167.3      0    0.0   167.7 
        6.718K         6.300K        |   350   168.0      0    0.0   168.4 
        6.745K         6.300K        |   351   168.8      0    0.0   169.2 
        6.374K         6.300K        |   352   169.6      0    0.0   170.0 
        6.824K         6.300K        |   353   170.4      0    0.0   170.8 
        6.547K         6.300K        |   354   171.1      0    0.0   171.5 
        7.192K         6.300K        |   355   171.9      0    0.0   172.3 
        6.572K         6.300K        |   356   172.6      0    0.0   173.0 
        6.739K         6.300K        |   357   173.4      0    0.0   173.8 
        6.666K         6.300K        |   358   174.2      0    0.0   174.6 
        6.606K         6.300K        |   359   175.0      0    0.0   175.4 
        6.572K         6.300K        |   360   175.7      0    0.0   176.2 
        6.380K         6.300K        |   361   176.5      0    0.0   177.0 
        6.796K         6.300K        |   362   177.3      0    0.0   177.7 
        6.821K         6.300K        |   363   178.0      0    0.0   178.4 
        6.852K         6.300K        |   364   178.8      0    0.0   179.2 
        6.595K         6.300K        |   365   179.6      0    0.0   180.0 
        6.678K         6.300K        |   366   180.4      0    0.0   180.8 
        6.376K         6.300K        |   367   181.2      0    0.0   181.6 
        6.759K         6.300K        |   368   181.9      0    0.0   182.4 
        6.712K         6.299K        |   369   182.7      0    0.0   183.1 
        6.766K         6.299K        |   370   183.4      0    0.0   183.8 
        6.579K         6.299K        |   371   184.2      0    0.0   184.6 
        6.835K         6.299K        |   372   184.9      0    0.0   185.4 
        6.469K         6.299K        |   373   185.7      0    0.0   186.2 
        6.336K         6.299K        |   374   186.5      0    0.0   186.9 
        6.681K         6.299K        |   375   187.3      0    0.0   187.8 
        6.830K         6.299K        |   376   188.1      0    0.0   188.6 
        6.769K         6.299K        |   377   188.9      0    0.0   189.4 
        6.832K         6.299K        |   378   189.7      0    0.0   190.1 
        6.887K         6.299K        |   379   190.4      0    0.0   190.9 
        6.913K         6.299K        |   380   191.2      0    0.0   191.7 
        6.631K         6.299K        |   381   192.0      0    0.0   192.4 
        6.490K         6.299K        |   382   192.8      0    0.0   193.2 
        6.614K         6.299K        |   383   193.5      0    0.0   194.0 
        6.581K         6.299K        |   384   194.3      0    0.0   194.8 
        6.528K         6.299K        |   385   195.1      0    0.0   195.6 
        6.720K         6.299K        |   386   196.0      0    0.0   196.4 
        6.719K         6.299K        |   387   196.7      0    0.0   197.2 
        6.505K         6.299K        |   388   197.5      0    0.0   198.0 
        6.824K         6.299K        |   389   198.3      0    0.0   198.8 
        7.009K         6.299K        |   390   199.5      0    0.0   200.0 
        6.619K         6.299K        |   391   200.3      0    0.0   200.8 
        6.876K         6.299K        |   392   201.1      0    0.0   201.6 
        7.001K         6.299K        |   393   201.9      0    0.0   202.3 
        6.780K         6.299K        |   394   202.6      0    0.0   203.1 
        6.469K         6.299K        |   395   203.4      0    0.0   203.9 
        6.690K         6.299K        |   396   204.2      0    0.0   204.7 
        6.581K         6.299K        |   397   205.1      0    0.0   205.5 
        6.497K         6.299K        |   398   205.8      0    0.0   206.3 
        6.429K         6.299K        |   399   206.7      0    0.0   207.1 
        6.616K         6.299K        |   400   207.5      0    0.0   208.0 
        6.567K         6.299K        |   401   208.3      0    0.0   208.8 
        6.715K         6.299K        |   402   209.1      0    0.0   209.5 
        6.658K         6.299K        |   403   209.9      0    0.0   210.3 
        6.900K         6.299K        |   404   210.7      0    0.0   211.1 
        6.800K         6.299K        |   405   211.5      0    0.0   211.9 
        6.514K         6.299K        |   406   212.2      0    0.0   212.7 
        6.275K         6.299K        |   407   213.0      0    0.0   213.5 
        6.825K         6.299K        |   408   213.8      0    0.0   214.3 
        6.512K         6.299K        |   409   214.6      0    0.0   215.1 
        7.102K         6.299K        |   410   215.4      0    0.0   215.9 
        6.912K         6.299K        |   411   216.3      0    0.0   216.8 
        6.768K         6.299K        |   412   217.1      0    0.0   217.6 
        7.098K         6.299K        |   413   217.9      0    0.0   218.4 
        6.625K         6.299K        |   414   218.7      0    0.0   219.2 
        6.842K         6.299K        |   415   219.6      0    0.0   220.0 
        6.634K         6.299K        |   416   220.4      0    0.0   220.9 
        6.866K         6.299K        |   417   221.2      0    0.0   221.7 
        6.550K         6.299K        |   418   222.0      0    0.0   222.5 
        6.779K         6.299K        |   419   222.9      0    0.0   223.4 
        6.421K         6.299K        |   420   223.7      0    0.0   224.2 
        6.775K         6.299K        |   421   224.6      0    0.0   225.1 
        7.102K         6.299K        |   422   225.4      0    0.0   225.9 
        6.903K         6.299K        |   423   226.2      0    0.0   226.7 
        6.552K         6.299K        |   424   227.1      0    0.0   227.6 
        6.678K         6.299K        |   425   228.0      0    0.0   228.5 
        6.723K         6.299K        |   426   228.8      0    0.0   229.3 
        6.854K         6.299K        |   427   229.7      0    0.0   230.2 
        6.804K         6.299K        |   428   230.5      0    0.0   231.0 
        6.434K         6.299K        |   429   231.4      0    0.0   231.9 
        6.644K         6.299K        |   430   232.4      0    0.0   232.9 
        6.841K         6.299K        |   431   233.3      0    0.0   233.8 
        6.378K         6.299K        |   432   234.2      0    0.0   234.7 
        6.693K         6.299K        |   433   235.0      0    0.0   235.5 
        6.586K         6.299K        |   434   235.9      0    0.0   236.4 
        6.700K         6.299K        |   435   236.7      0    0.0   237.3 
        6.650K         6.299K        |   436   237.6      0    0.0   238.1 
        6.570K         6.299K        |   437   238.5      0    0.0   239.0 
        6.576K         6.299K        |   438   239.4      0    0.0   239.9 
        6.729K         6.299K        |   439   240.3      0    0.0   240.8 
        6.572K         6.299K        |   440   241.1      0    0.0   241.7 
        6.302K         6.299K        |   441   242.0      0    0.0   242.5 
        7.077K         6.299K        |   442   242.9      0    0.0   243.4 
        6.715K         6.299K        |   443   243.8      0    0.0   244.4 
        6.415K         6.299K        |   444   244.7      0    0.0   245.3 
        6.794K         6.299K        |   445   245.6      0    0.0   246.2 
        6.969K         6.299K        |   446   246.5      0    0.0   247.1 
        6.637K         6.299K        |   447   247.5      0    0.0   248.0 
        6.487K         6.299K        |   448   248.4      0    0.0   248.9 
        6.846K         6.299K        |   449   249.3      0    0.0   249.8 
        6.752K         6.299K        |   450   250.2      0    0.0   250.7 
        6.494K         6.299K        |   451   251.0      0    0.0   251.6 
        6.613K         6.299K        |   452   252.0      0    0.0   252.5 
        6.508K         6.298K        |   453   252.9      0    0.0   253.4 
        6.479K         6.298K        |   454   253.8      0    0.0   254.3 
        6.554K         6.298K        |   455   254.7      0    0.0   255.2 
        6.479K         6.298K        |   456   255.6      0    0.0   256.2 
        6.763K         6.298K        |   457   256.6      0    0.0   257.1 
        6.670K         6.298K        |   458   257.5      0    0.0   258.1 
        6.615K         6.298K        |   459   258.5      0    0.0   259.0 
        6.480K         6.298K        |   460   259.4      0    0.0   260.0 
        6.916K         6.298K        |   461   260.3      0    0.0   260.9 
        6.611K         6.298K        |   462   261.3      0    0.0   261.8 
        6.564K         6.298K        |   463   262.2      0    0.0   262.8 
        6.702K         6.298K        |   464   263.2      0    0.0   263.7 
        6.719K         6.298K        |   465   264.1      0    0.0   264.7 
        6.552K         6.298K        |   466   265.1      0    0.0   265.6 
        6.725K         6.298K        |   467   266.2      0    0.0   266.7 
        6.713K         6.298K        |   468   267.1      0    0.0   267.7 
        6.639K         6.298K        |   469   268.1      0    0.0   268.6 
        6.642K         6.298K        |   470   269.0      0    0.0   269.6 
        6.608K         6.298K        |   471   270.0      0    0.0   270.6 
        6.837K         6.298K        |   472   271.0      0    0.0   271.5 
        6.216K         6.298K        |   473   272.0      0    0.0   272.5 
        6.465K         6.298K        |   474   273.0      0    0.0   273.5 
        6.836K         6.298K        |   475   273.9      0    0.0   274.5 
        6.717K         6.298K        |   476   274.9      0    0.0   275.5 
        6.516K         6.298K        |   477   275.9      0    0.0   276.5 
        7.066K         6.298K        |   478   276.9      0    0.0   277.5 
        6.672K         6.298K        |   479   277.9      0    0.0   278.4 
        6.846K         6.298K        |   480   278.8      0    0.0   279.4 
        6.888K         6.298K        |   481   279.8      0    0.0   280.4 
        6.696K         6.298K        |   482   280.7      0    0.0   281.3 
        6.787K         6.298K        |   483   281.7      0    0.0   282.3 
        6.890K         6.298K        |   484   282.7      0    0.0   283.3 
        6.065K         6.298K        |   485   283.6      0    0.0   284.2 
        6.653K         6.298K        |   486   284.6      0    0.0   285.2 
        6.978K         6.298K        |   487   285.6      0    0.0   286.2 
        6.775K         6.298K        |   488   286.6      0    0.0   287.1 
        6.688K         6.298K        |   489   287.6      0    0.0   288.1 
        6.693K         6.298K        |   490   288.5      0    0.0   289.1 
        6.688K         6.298K        |   491   289.5      0    0.0   290.1 
        6.703K         6.298K        |   492   290.5      0    0.0   291.1 
        6.514K         6.298K        |   493   291.5      0    0.0   292.1 
        6.549K         6.298K        |   494   292.5      0    0.0   293.1 
        6.706K         6.298K        |   495   293.5      0    0.0   294.1 
        6.999K         6.298K        |   496   294.5      0    0.0   295.1 
        6.907K         6.298K        |   497   295.5      0    0.0   296.1 
        6.818K         6.298K        |   498   296.5      0    0.0   297.1 
        6.688K         6.298K        |   499   297.7      0    0.0   298.3 
        6.872K         6.298K        |   500   298.6      0    0.0   299.2 
--------------------------------------------------------------------------------
 [1m──────────────────────────────────────────────────────────────────────────────[22m
 [1m      Timing statistics       [22m        Time                   Allocations      
                               ──────────────────────   ───────────────────────
       Tot / % measured:             299s / 100%            27.1GiB / 100%     

 Section               ncalls     time   %tot     avg     alloc   %tot      avg
 ──────────────────────────────────────────────────────────────────────────────
 Solve                      1     299s   100%    299s   27.1GiB  100%   27.1GiB
   Iteration Phase        500     299s   100%   597ms   27.1GiB  100%   55.5MiB
     Backward Pass        500     290s  96.8%   580ms   26.5GiB  97.7%  54.2MiB
       JuMP.solve       1.12M     277s  92.6%   248μs   25.6GiB  94.5%  24.1KiB
         optimize!      1.12M     188s  62.9%   169μs         -  0.00%        -
         prep JuMP ...  1.12M    73.8s  24.7%  66.1μs   17.9GiB  66.0%  16.8KiB
         getsolution    1.12M    13.4s  4.49%  12.0μs   7.60GiB  28.0%  7.14KiB
       Cut addition     52.5k    5.82s  1.94%   111μs    353MiB  1.27%  6.88KiB
         risk measure   52.5k    488ms  0.16%  9.30μs   89.7MiB  0.32%  1.75KiB
         cut to file    52.5k    446ms  0.15%  8.49μs   71.0MiB  0.26%  1.38KiB
     Forward Pass         500    8.86s  2.96%  17.7ms    648MiB  2.33%  1.30MiB
       JuMP.solve       26.0k    8.43s  2.82%   324μs    621MiB  2.24%  24.5KiB
         optimize!      26.0k    5.65s  1.89%   217μs         -  0.00%        -
         prep JuMP ...  26.0k    2.41s  0.81%  92.7μs    434MiB  1.56%  17.1KiB
         getsolution    26.0k    324ms  0.11%  12.4μs    183MiB  0.66%  7.23KiB
 [1m──────────────────────────────────────────────────────────────────────────────[22m
    Other Statistics:
        Iterations:         500
        Termination Status: max_iterations
================================================================================
