--------------------------------------------------------------------------------
                      SDDP Solver. © Oscar Dowson, 2017.
--------------------------------------------------------------------------------
    Solver:
        Serial solver
    Model:
        Stages:         52
        States:         5
        Subproblems:    110
        Value Function: Default
--------------------------------------------------------------------------------
              Objective              |  Cut  Passes    Simulations   Total    
     Simulation       Bound   % Gap  |   #     Time     #    Time    Time     
--------------------------------------------------------------------------------
       -2.576M         1.000M        |     1    1.4      0    0.0    1.4 
       -1.625M         1.000M        |     2    1.7      0    0.0    1.8 
       -1.030M         1.000M        |     3    1.8      0    0.0    2.0 
      -95.194K         1.000M        |     4    2.0      0    0.0    2.2 
      -45.134K         1.000M        |     5    2.2      0    0.0    2.3 
     -238.625K        26.758K        |     6    2.3      0    0.0    2.5 
     -624.745K        12.712K        |     7    2.5      0    0.0    2.7 
     -278.371K        12.712K        |     8    2.7      0    0.0    2.8 
       -2.337K        12.712K        |     9    2.9      0    0.0    3.0 
       -4.333K        12.711K        |    10    3.0      0    0.0    3.2 
      -45.613K        12.711K        |    11    3.2      0    0.0    3.4 
       -6.525K        12.711K        |    12    3.4      0    0.0    3.5 
       -4.608K        12.711K        |    13    3.6      0    0.0    3.7 
      -18.005K        12.710K        |    14    3.8      0    0.0    3.9 
       -6.103K        12.710K        |    15    3.9      0    0.0    4.1 
       -2.882K        12.709K        |    16    4.1      0    0.0    4.3 
       -1.392K        12.709K        |    17    4.3      0    0.0    4.5 
        2.603K        12.709K        |    18    4.5      0    0.0    4.7 
     -542.743         12.695K        |    19    4.7      0    0.0    4.9 
        2.619K        11.240K        |    20    4.9      0    0.0    5.0 
        3.580K         8.681K        |    21    5.1      0    0.0    5.2 
        4.843K         5.417K        |    22    5.2      0    0.0    5.4 
        3.092K         5.417K        |    23    5.4      0    0.0    5.6 
        1.871K         5.416K        |    24    5.7      0    0.0    5.8 
        7.140K         5.414K        |    25    5.9      0    0.0    6.0 
        4.926K         5.301K        |    26    6.1      0    0.0    6.2 
        7.082K         5.258K        |    27    6.3      0    0.0    6.4 
        4.901K         5.255K        |    28    6.5      0    0.0    6.7 
        5.066K         5.251K        |    29    6.7      0    0.0    6.9 
        3.492K         5.222K        |    30    6.9      0    0.0    7.1 
        4.673K         5.074K        |    31    7.1      0    0.0    7.3 
        4.152K         5.074K        |    32    7.4      0    0.0    7.5 
        5.116K         5.074K        |    33    7.6      0    0.0    7.8 
        6.039K         5.068K        |    34    7.8      0    0.0    8.0 
        6.903K         5.066K        |    35    8.0      0    0.0    8.2 
        1.909K         5.055K        |    36    8.3      0    0.0    8.4 
        3.800K         5.054K        |    37    8.5      0    0.0    8.7 
        6.866K         5.053K        |    38    8.7      0    0.0    8.9 
        4.826K         5.050K        |    39    9.0      0    0.0    9.1 
        4.238K         5.026K        |    40    9.2      0    0.0    9.4 
        5.293K         5.026K        |    41    9.4      0    0.0    9.6 
        4.149K         5.024K        |    42    9.7      0    0.0    9.9 
        6.494K         5.014K        |    43    9.9      0    0.0   10.1 
        3.850K         5.014K        |    44   10.2      0    0.0   10.4 
        5.001K         5.010K        |    45   10.4      0    0.0   10.6 
        4.265K         5.010K        |    46   10.6      0    0.0   10.8 
        4.102K         5.009K        |    47   10.9      0    0.0   11.1 
        4.055K         4.999K        |    48   11.2      0    0.0   11.4 
        6.189K         4.999K        |    49   11.4      0    0.0   11.6 
        6.076K         4.999K        |    50   11.7      0    0.0   12.6 
       -1.395M         4.999K        |    51   12.0      0    0.0   12.9 
     -991.588K         4.997K        |    52   12.2      0    0.0   13.1 
        5.451K         4.987K        |    53   12.4      0    0.0   13.3 
        1.158K         4.987K        |    54   12.6      0    0.0   13.5 
        2.457K         4.981K        |    55   12.8      0    0.0   13.7 
        5.039K         4.980K        |    56   13.0      0    0.0   13.9 
        2.863K         4.974K        |    57   13.2      0    0.0   14.1 
        3.854K         4.974K        |    58   13.4      0    0.0   14.3 
        7.707K         4.970K        |    59   13.6      0    0.0   14.6 
        2.098K         4.970K        |    60   13.8      0    0.0   14.9 
        7.137K         4.969K        |    61   14.1      0    0.0   15.1 
        4.537K         4.967K        |    62   14.3      0    0.0   15.3 
        7.613K         4.962K        |    63   14.5      0    0.0   15.5 
        2.000K         4.962K        |    64   14.7      0    0.0   15.8 
        4.878K         4.962K        |    65   15.0      0    0.0   16.0 
        2.533K         4.961K        |    66   15.2      0    0.0   16.2 
        3.928K         4.958K        |    67   15.4      0    0.0   16.5 
        5.838K         4.958K        |    68   15.7      0    0.0   16.7 
        5.124K         4.956K        |    69   15.9      0    0.0   16.9 
        5.750K         4.949K        |    70   16.2      0    0.0   17.2 
        4.735K         4.948K        |    71   16.4      0    0.0   17.4 
        1.771K         4.947K        |    72   16.6      0    0.0   17.6 
        2.669K         4.945K        |    73   16.9      0    0.0   17.9 
        3.537K         4.945K        |    74   17.1      0    0.0   18.1 
        3.117K         4.945K        |    75   17.3      0    0.0   18.4 
        5.007K         4.943K        |    76   17.6      0    0.0   18.6 
        4.955K         4.943K        |    77   17.8      0    0.0   18.9 
        6.527K         4.943K        |    78   18.1      0    0.0   19.1 
        5.929K         4.942K        |    79   18.4      0    0.0   19.4 
        4.876K         4.942K        |    80   18.6      0    0.0   19.6 
        7.670K         4.941K        |    81   18.9      0    0.0   19.9 
        2.486K         4.941K        |    82   19.1      0    0.0   20.2 
        2.187K         4.936K        |    83   19.4      0    0.0   20.4 
        5.152K         4.936K        |    84   19.7      0    0.0   20.7 
        4.637K         4.936K        |    85   20.0      0    0.0   21.0 
        3.074K         4.935K        |    86   20.2      0    0.0   21.2 
        4.243K         4.933K        |    87   20.5      0    0.0   21.5 
        3.932K         4.932K        |    88   20.7      0    0.0   21.8 
        6.334K         4.932K        |    89   21.0      0    0.0   22.0 
        3.122K         4.930K        |    90   21.3      0    0.0   22.3 
        4.047K         4.928K        |    91   21.6      0    0.0   22.6 
        5.322K         4.928K        |    92   21.9      0    0.0   22.9 
        7.467K         4.927K        |    93   22.1      0    0.0   23.2 
        4.028K         4.926K        |    94   22.5      0    0.0   23.5 
        3.662K         4.926K        |    95   22.8      0    0.0   23.8 
        6.077K         4.926K        |    96   23.0      0    0.0   24.1 
        7.562K         4.925K        |    97   23.3      0    0.0   24.4 
        3.922K         4.924K        |    98   23.6      0    0.0   24.6 
        5.301K         4.924K        |    99   23.9      0    0.0   25.0 
        4.470K         4.923K        |   100   24.2      0    0.0   25.8 
       -9.122K         4.922K        |   101   24.6      0    0.0   26.2 
      921.248          4.922K        |   102   24.8      0    0.0   26.4 
        2.060K         4.921K        |   103   25.0      0    0.0   26.6 
        1.010K         4.921K        |   104   25.2      0    0.0   26.8 
        5.499K         4.921K        |   105   25.5      0    0.0   27.1 
        3.450K         4.921K        |   106   25.7      0    0.0   27.3 
        4.346K         4.921K        |   107   26.0      0    0.0   27.6 
        4.755K         4.921K        |   108   26.2      0    0.0   27.8 
        3.352K         4.921K        |   109   26.5      0    0.0   28.1 
        4.829K         4.921K        |   110   26.7      0    0.0   28.3 
        2.759K         4.921K        |   111   27.0      0    0.0   28.6 
        3.760K         4.921K        |   112   27.3      0    0.0   28.9 
        3.435K         4.921K        |   113   27.5      0    0.0   29.1 
        3.487K         4.921K        |   114   27.8      0    0.0   29.4 
        4.355K         4.921K        |   115   28.1      0    0.0   29.7 
        4.693K         4.921K        |   116   28.3      0    0.0   29.9 
        2.378K         4.921K        |   117   28.6      0    0.0   30.2 
        7.374K         4.921K        |   118   28.9      0    0.0   30.5 
        4.618K         4.921K        |   119   29.2      0    0.0   30.8 
        3.804K         4.921K        |   120   29.5      0    0.0   31.1 
        3.773K         4.921K        |   121   29.7      0    0.0   31.4 
        4.954K         4.921K        |   122   30.0      0    0.0   31.6 
        4.763K         4.921K        |   123   30.3      0    0.0   31.9 
        4.346K         4.921K        |   124   30.6      0    0.0   32.2 
        6.010K         4.920K        |   125   30.8      0    0.0   32.4 
        3.797K         4.920K        |   126   31.1      0    0.0   32.7 
        4.979K         4.920K        |   127   31.4      0    0.0   33.0 
        4.736K         4.920K        |   128   31.6      0    0.0   33.2 
        2.454K         4.920K        |   129   31.9      0    0.0   33.5 
        2.669K         4.920K        |   130   32.2      0    0.0   33.8 
        8.102K         4.920K        |   131   32.4      0    0.0   34.1 
        2.449K         4.920K        |   132   32.7      0    0.0   34.3 
        6.349K         4.920K        |   133   33.0      0    0.0   34.6 
        2.458K         4.920K        |   134   33.3      0    0.0   34.9 
        5.613K         4.920K        |   135   33.5      0    0.0   35.2 
        2.031K         4.920K        |   136   33.8      0    0.0   35.4 
        4.307K         4.920K        |   137   34.1      0    0.0   35.7 
        3.715K         4.919K        |   138   34.4      0    0.0   36.0 
        4.950K         4.918K        |   139   34.6      0    0.0   36.3 
        6.173K         4.918K        |   140   34.9      0    0.0   36.6 
        5.781K         4.917K        |   141   35.2      0    0.0   36.8 
        5.282K         4.917K        |   142   35.5      0    0.0   37.1 
        5.523K         4.916K        |   143   35.8      0    0.0   37.4 
        7.566K         4.916K        |   144   36.1      0    0.0   37.7 
        4.700K         4.915K        |   145   36.4      0    0.0   38.0 
        5.236K         4.915K        |   146   36.6      0    0.0   38.3 
        4.711K         4.915K        |   147   36.9      0    0.0   38.6 
        5.031K         4.915K        |   148   37.2      0    0.0   38.9 
        6.619K         4.914K        |   149   37.5      0    0.0   39.2 
        7.007K         4.914K        |   150   37.8      0    0.0   40.0 
        5.359K         4.913K        |   151   38.2      0    0.0   40.4 
        7.774K         4.912K        |   152   38.5      0    0.0   40.6 
        4.776K         4.912K        |   153   38.7      0    0.0   40.9 
        4.379K         4.912K        |   154   39.0      0    0.0   41.1 
        4.863K         4.912K        |   155   39.2      0    0.0   41.4 
        4.480K         4.911K        |   156   39.5      0    0.0   41.6 
        3.872K         4.911K        |   157   39.7      0    0.0   41.9 
        4.915K         4.911K        |   158   40.0      0    0.0   42.2 
        6.623K         4.911K        |   159   40.2      0    0.0   42.4 
        2.621K         4.910K        |   160   40.5      0    0.0   42.7 
        2.824K         4.910K        |   161   40.8      0    0.0   43.0 
        3.409K         4.910K        |   162   41.0      0    0.0   43.2 
        2.615K         4.910K        |   163   41.3      0    0.0   43.5 
        5.730K         4.909K        |   164   41.6      0    0.0   43.8 
        4.213K         4.908K        |   165   41.8      0    0.0   44.0 
        5.889K         4.908K        |   166   42.1      0    0.0   44.3 
        3.534K         4.908K        |   167   42.4      0    0.0   44.6 
        5.281K         4.907K        |   168   42.7      0    0.0   44.9 
        6.705K         4.907K        |   169   42.9      0    0.0   45.1 
        7.280K         4.907K        |   170   43.2      0    0.0   45.4 
        2.598K         4.907K        |   171   43.5      0    0.0   45.7 
        7.591K         4.907K        |   172   43.8      0    0.0   46.0 
        6.242K         4.907K        |   173   44.1      0    0.0   46.2 
        4.110K         4.906K        |   174   44.3      0    0.0   46.5 
        3.841K         4.906K        |   175   44.6      0    0.0   46.8 
        6.648K         4.906K        |   176   44.9      0    0.0   47.1 
        3.740K         4.906K        |   177   45.2      0    0.0   47.4 
        4.769K         4.906K        |   178   45.5      0    0.0   47.7 
        4.019K         4.906K        |   179   45.8      0    0.0   48.0 
        2.825K         4.906K        |   180   46.1      0    0.0   48.3 
        5.752K         4.906K        |   181   46.3      0    0.0   48.5 
        4.887K         4.906K        |   182   46.6      0    0.0   48.8 
        4.237K         4.905K        |   183   46.9      0    0.0   49.1 
        3.681K         4.905K        |   184   47.3      0    0.0   49.5 
        5.114K         4.905K        |   185   47.6      0    0.0   49.8 
        6.147K         4.904K        |   186   47.9      0    0.0   50.1 
        5.048K         4.904K        |   187   48.2      0    0.0   50.4 
        4.785K         4.904K        |   188   48.5      0    0.0   50.7 
        7.265K         4.904K        |   189   48.8      0    0.0   51.0 
        2.266K         4.904K        |   190   49.1      0    0.0   51.3 
        4.895K         4.903K        |   191   49.4      0    0.0   51.6 
        3.044K         4.903K        |   192   49.7      0    0.0   52.0 
        5.040K         4.903K        |   193   50.0      0    0.0   52.3 
        7.305K         4.903K        |   194   50.4      0    0.0   52.6 
        3.224K         4.902K        |   195   50.7      0    0.0   52.9 
        4.928K         4.902K        |   196   51.0      0    0.0   53.2 
        3.490K         4.901K        |   197   51.3      0    0.0   53.5 
        6.002K         4.900K        |   198   51.6      0    0.0   53.8 
        2.871K         4.900K        |   199   51.9      0    0.0   54.2 
        5.350K         4.900K        |   200   52.3      0    0.0   55.0 
        3.605K         4.899K        |   201   52.7      0    0.0   55.4 
        3.398K         4.899K        |   202   52.9      0    0.0   55.7 
        5.776K         4.899K        |   203   53.2      0    0.0   56.0 
        7.937K         4.899K        |   204   53.5      0    0.0   56.2 
        5.100K         4.898K        |   205   53.7      0    0.0   56.5 
        1.740K         4.898K        |   206   54.0      0    0.0   56.7 
        6.251K         4.898K        |   207   54.3      0    0.0   57.0 
        4.066K         4.898K        |   208   54.5      0    0.0   57.3 
        6.153K         4.898K        |   209   54.8      0    0.0   57.6 
        4.211K         4.898K        |   210   55.1      0    0.0   57.9 
        4.892K         4.897K        |   211   55.4      0    0.0   58.1 
        5.812K         4.897K        |   212   55.7      0    0.0   58.4 
        5.914K         4.897K        |   213   55.9      0    0.0   58.7 
        3.797K         4.897K        |   214   56.2      0    0.0   59.0 
        6.195K         4.897K        |   215   56.5      0    0.0   59.3 
        4.991K         4.897K        |   216   56.8      0    0.0   59.6 
        5.086K         4.896K        |   217   57.1      0    0.0   59.8 
        5.327K         4.896K        |   218   57.4      0    0.0   60.1 
        5.266K         4.896K        |   219   57.7      0    0.0   60.4 
        2.594K         4.896K        |   220   57.9      0    0.0   60.7 
        4.509K         4.896K        |   221   58.2      0    0.0   61.0 
        4.653K         4.895K        |   222   58.5      0    0.0   61.3 
        6.396K         4.895K        |   223   58.8      0    0.0   61.6 
        4.922K         4.895K        |   224   59.1      0    0.0   61.9 
        2.911K         4.895K        |   225   59.4      0    0.0   62.2 
        6.348K         4.895K        |   226   59.7      0    0.0   62.5 
        3.203K         4.895K        |   227   60.0      0    0.0   62.8 
        2.896K         4.895K        |   228   60.3      0    0.0   63.1 
        7.160K         4.894K        |   229   60.6      0    0.0   63.4 
        5.905K         4.894K        |   230   60.9      0    0.0   63.7 
        4.882K         4.894K        |   231   61.2      0    0.0   64.0 
        3.528K         4.893K        |   232   61.5      0    0.0   64.3 
        5.354K         4.893K        |   233   61.8      0    0.0   64.6 
        7.100K         4.893K        |   234   62.1      0    0.0   64.9 
        4.114K         4.893K        |   235   62.4      0    0.0   65.2 
        6.067K         4.893K        |   236   62.8      0    0.0   65.5 
        7.399K         4.893K        |   237   63.1      0    0.0   65.9 
        5.992K         4.892K        |   238   63.4      0    0.0   66.2 
        7.401K         4.892K        |   239   63.7      0    0.0   66.5 
        5.118K         4.892K        |   240   64.0      0    0.0   66.8 
        4.537K         4.892K        |   241   64.3      0    0.0   67.1 
        4.137K         4.892K        |   242   64.7      0    0.0   67.5 
        5.309K         4.891K        |   243   65.0      0    0.0   67.8 
        5.228K         4.891K        |   244   65.3      0    0.0   68.1 
        3.671K         4.891K        |   245   65.6      0    0.0   68.4 
        4.832K         4.891K        |   246   66.0      0    0.0   68.8 
        2.630K         4.891K        |   247   66.3      0    0.0   69.1 
        4.205K         4.891K        |   248   66.6      0    0.0   69.4 
        6.258K         4.890K        |   249   66.9      0    0.0   69.7 
        6.824K         4.890K        |   250   67.3      0    0.0   70.8 
     -102.319K         4.890K        |   251   67.7      0    0.0   71.2 
        2.030K         4.890K        |   252   68.0      0    0.0   71.5 
        6.071K         4.890K        |   253   68.3      0    0.0   71.8 
        3.040K         4.890K        |   254   68.7      0    0.0   72.2 
        6.048K         4.890K        |   255   69.0      0    0.0   72.5 
        4.719K         4.890K        |   256   69.3      0    0.0   72.8 
        4.969K         4.890K        |   257   69.7      0    0.0   73.2 
        4.868K         4.890K        |   258   70.0      0    0.0   73.5 
        3.630K         4.890K        |   259   70.4      0    0.0   73.9 
        5.997K         4.890K        |   260   70.7      0    0.0   74.2 
        5.884K         4.890K        |   261   71.1      0    0.0   74.6 
        7.996K         4.890K        |   262   71.4      0    0.0   74.9 
        3.455K         4.890K        |   263   71.8      0    0.0   75.3 
        5.068K         4.890K        |   264   72.1      0    0.0   75.6 
        5.076K         4.890K        |   265   72.5      0    0.0   76.0 
        5.488K         4.890K        |   266   72.8      0    0.0   76.3 
        5.319K         4.890K        |   267   73.2      0    0.0   76.7 
        5.080K         4.890K        |   268   73.5      0    0.0   77.0 
        2.564K         4.890K        |   269   73.9      0    0.0   77.4 
        4.450K         4.889K        |   270   74.3      0    0.0   77.8 
        4.531K         4.889K        |   271   74.6      0    0.0   78.1 
        6.327K         4.889K        |   272   75.0      0    0.0   78.5 
        4.209K         4.889K        |   273   75.4      0    0.0   78.9 
        3.009K         4.889K        |   274   75.7      0    0.0   79.2 
        7.581K         4.889K        |   275   76.1      0    0.0   79.6 
        2.640K         4.889K        |   276   76.5      0    0.0   80.0 
        5.019K         4.888K        |   277   76.8      0    0.0   80.4 
        3.342K         4.888K        |   278   77.2      0    0.0   80.7 
        2.573K         4.888K        |   279   77.6      0    0.0   81.1 
        6.426K         4.888K        |   280   78.0      0    0.0   81.5 
        3.950K         4.888K        |   281   78.4      0    0.0   81.9 
        4.886K         4.888K        |   282   78.7      0    0.0   82.3 
        3.582K         4.888K        |   283   79.1      0    0.0   82.7 
        2.855K         4.887K        |   284   79.5      0    0.0   83.0 
        5.580K         4.887K        |   285   79.9      0    0.0   83.4 
        5.131K         4.887K        |   286   80.3      0    0.0   83.8 
        3.724K         4.887K        |   287   80.7      0    0.0   84.2 
        6.460K         4.887K        |   288   81.1      0    0.0   84.6 
        4.983K         4.887K        |   289   81.5      0    0.0   85.0 
        5.119K         4.887K        |   290   81.9      0    0.0   85.4 
        3.763K         4.887K        |   291   82.3      0    0.0   85.8 
        5.878K         4.887K        |   292   82.7      0    0.0   86.2 
        5.018K         4.887K        |   293   83.1      0    0.0   86.6 
        3.989K         4.886K        |   294   83.5      0    0.0   87.0 
        5.364K         4.886K        |   295   83.9      0    0.0   87.4 
        5.929K         4.886K        |   296   84.3      0    0.0   87.8 
        2.413K         4.886K        |   297   84.7      0    0.0   88.2 
        2.924K         4.886K        |   298   85.1      0    0.0   88.6 
        3.410K         4.886K        |   299   85.5      0    0.0   89.1 
        5.506K         4.886K        |   300   85.9      0    0.0   90.0 
        5.142K         4.886K        |   301   86.4      0    0.0   90.5 
        2.399K         4.886K        |   302   86.8      0    0.0   90.8 
        6.266K         4.886K        |   303   87.1      0    0.0   91.2 
        3.354K         4.885K        |   304   87.4      0    0.0   91.5 
        3.709K         4.885K        |   305   87.8      0    0.0   91.8 
        6.494K         4.885K        |   306   88.1      0    0.0   92.2 
        3.980K         4.885K        |   307   88.4      0    0.0   92.5 
        6.650K         4.885K        |   308   88.8      0    0.0   92.9 
        7.341K         4.885K        |   309   89.1      0    0.0   93.2 
        4.959K         4.885K        |   310   89.5      0    0.0   93.5 
        7.717K         4.885K        |   311   89.8      0    0.0   93.9 
        7.584K         4.885K        |   312   90.2      0    0.0   94.2 
        2.553K         4.885K        |   313   90.5      0    0.0   94.6 
        5.135K         4.885K        |   314   90.9      0    0.0   95.0 
        5.352K         4.885K        |   315   91.2      0    0.0   95.3 
        5.054K         4.885K        |   316   91.6      0    0.0   95.7 
        5.273K         4.885K        |   317   92.0      0    0.0   96.0 
        6.579K         4.885K        |   318   92.3      0    0.0   96.4 
        4.088K         4.885K        |   319   92.7      0    0.0   96.8 
        4.842K         4.885K        |   320   93.1      0    0.0   97.1 
        4.521K         4.885K        |   321   93.4      0    0.0   97.5 
        6.305K         4.885K        |   322   93.8      0    0.0   97.9 
        3.891K         4.885K        |   323   94.2      0    0.0   98.3 
        3.979K         4.884K        |   324   94.6      0    0.0   98.7 
        3.729K         4.884K        |   325   94.9      0    0.0   99.0 
        6.145K         4.884K        |   326   95.3      0    0.0   99.4 
        6.532K         4.884K        |   327   95.7      0    0.0   99.8 
        3.733K         4.884K        |   328   96.1      0    0.0   100.2 
        3.474K         4.884K        |   329   96.4      0    0.0   100.5 
        4.457K         4.884K        |   330   96.8      0    0.0   100.9 
        6.097K         4.884K        |   331   97.2      0    0.0   101.3 
        4.854K         4.884K        |   332   97.6      0    0.0   101.7 
        3.349K         4.884K        |   333   98.0      0    0.0   102.1 
        5.349K         4.884K        |   334   98.4      0    0.0   102.5 
        3.921K         4.884K        |   335   98.8      0    0.0   102.9 
        4.167K         4.884K        |   336   99.1      0    0.0   103.3 
        3.872K         4.884K        |   337   99.5      0    0.0   103.6 
        5.728K         4.884K        |   338   99.9      0    0.0   104.0 
        3.604K         4.884K        |   339   100.3      0    0.0   104.4 
        4.636K         4.884K        |   340   100.7      0    0.0   104.8 
        5.969K         4.884K        |   341   101.1      0    0.0   105.2 
        5.826K         4.884K        |   342   101.5      0    0.0   105.6 
        3.585K         4.884K        |   343   101.9      0    0.0   106.0 
        7.491K         4.883K        |   344   102.3      0    0.0   106.5 
        4.161K         4.883K        |   345   102.7      0    0.0   106.9 
        5.430K         4.883K        |   346   103.1      0    0.0   107.3 
        2.804K         4.883K        |   347   103.5      0    0.0   107.7 
        5.273K         4.883K        |   348   103.9      0    0.0   108.1 
        2.940K         4.883K        |   349   104.3      0    0.0   108.5 
        6.167K         4.883K        |   350   104.7      0    0.0   109.4 
        3.790K         4.883K        |   351   105.2      0    0.0   109.9 
        7.839K         4.883K        |   352   105.6      0    0.0   110.2 
        3.953K         4.883K        |   353   105.9      0    0.0   110.6 
        7.170K         4.883K        |   354   106.2      0    0.0   110.9 
        6.452K         4.883K        |   355   106.5      0    0.0   111.2 
        3.905K         4.883K        |   356   106.9      0    0.0   111.6 
        3.797K         4.883K        |   357   107.2      0    0.0   111.9 
        2.705K         4.883K        |   358   107.5      0    0.0   112.2 
        7.575K         4.883K        |   359   107.9      0    0.0   112.6 
        4.234K         4.883K        |   360   108.2      0    0.0   112.9 
        6.279K         4.883K        |   361   108.6      0    0.0   113.3 
        6.658K         4.882K        |   362   108.9      0    0.0   113.6 
        6.580K         4.882K        |   363   109.3      0    0.0   113.9 
        5.002K         4.882K        |   364   109.6      0    0.0   114.3 
        4.753K         4.882K        |   365   109.9      0    0.0   114.6 
        3.942K         4.882K        |   366   110.3      0    0.0   115.0 
        4.877K         4.882K        |   367   110.6      0    0.0   115.3 
        4.109K         4.882K        |   368   111.0      0    0.0   115.7 
        4.906K         4.882K        |   369   111.3      0    0.0   116.0 
        2.964K         4.882K        |   370   111.7      0    0.0   116.4 
        2.262K         4.882K        |   371   112.1      0    0.0   116.8 
        3.804K         4.882K        |   372   112.4      0    0.0   117.1 
        3.847K         4.882K        |   373   112.8      0    0.0   117.5 
        2.467K         4.882K        |   374   113.1      0    0.0   117.8 
        4.371K         4.882K        |   375   113.5      0    0.0   118.2 
        2.819K         4.882K        |   376   113.9      0    0.0   118.6 
        6.310K         4.882K        |   377   114.2      0    0.0   119.0 
        4.690K         4.882K        |   378   114.6      0    0.0   119.3 
        6.240K         4.881K        |   379   115.0      0    0.0   119.7 
        7.461K         4.881K        |   380   115.3      0    0.0   120.1 
        6.061K         4.881K        |   381   115.7      0    0.0   120.4 
        3.840K         4.881K        |   382   116.1      0    0.0   120.8 
        5.876K         4.881K        |   383   116.5      0    0.0   121.2 
        5.158K         4.881K        |   384   116.8      0    0.0   121.6 
        4.959K         4.881K        |   385   117.2      0    0.0   122.0 
        4.209K         4.881K        |   386   117.6      0    0.0   122.3 
        3.398K         4.881K        |   387   118.0      0    0.0   122.7 
        6.074K         4.881K        |   388   118.4      0    0.0   123.1 
        2.312K         4.881K        |   389   118.7      0    0.0   123.5 
        3.765K         4.881K        |   390   119.1      0    0.0   123.9 
        5.274K         4.881K        |   391   119.5      0    0.0   124.2 
        7.068K         4.881K        |   392   119.9      0    0.0   124.6 
        6.305K         4.881K        |   393   120.3      0    0.0   125.0 
        2.532K         4.881K        |   394   120.7      0    0.0   125.4 
        6.840K         4.880K        |   395   121.0      0    0.0   125.8 
        5.868K         4.880K        |   396   121.4      0    0.0   126.2 
        6.065K         4.880K        |   397   121.8      0    0.0   126.6 
        2.924K         4.880K        |   398   122.2      0    0.0   127.0 
        6.463K         4.880K        |   399   122.6      0    0.0   127.3 
        5.585K         4.880K        |   400   123.0      0    0.0   128.3 
        2.023K         4.880K        |   401   123.5      0    0.0   128.8 
        5.669K         4.880K        |   402   123.8      0    0.0   129.1 
        3.787K         4.880K        |   403   124.1      0    0.0   129.4 
        3.528K         4.880K        |   404   124.5      0    0.0   129.8 
        4.159K         4.880K        |   405   124.8      0    0.0   130.1 
        6.811K         4.880K        |   406   125.2      0    0.0   130.5 
        2.661K         4.880K        |   407   125.5      0    0.0   130.8 
        3.313K         4.880K        |   408   125.9      0    0.0   131.2 
        4.909K         4.880K        |   409   126.2      0    0.0   131.5 
        5.222K         4.879K        |   410   126.6      0    0.0   131.9 
        2.236K         4.879K        |   411   126.9      0    0.0   132.2 
        6.457K         4.879K        |   412   127.3      0    0.0   132.6 
        2.684K         4.879K        |   413   127.6      0    0.0   132.9 
        3.951K         4.879K        |   414   128.0      0    0.0   133.3 
        5.478K         4.879K        |   415   128.3      0    0.0   133.7 
        3.804K         4.879K        |   416   128.7      0    0.0   134.0 
        6.519K         4.879K        |   417   129.1      0    0.0   134.4 
        3.943K         4.879K        |   418   129.4      0    0.0   134.7 
        3.869K         4.879K        |   419   129.8      0    0.0   135.1 
        7.371K         4.879K        |   420   130.2      0    0.0   135.5 
        4.761K         4.879K        |   421   130.5      0    0.0   135.8 
        2.856K         4.879K        |   422   131.1      0    0.0   136.4 
        3.922K         4.879K        |   423   131.5      0    0.0   136.8 
        3.517K         4.879K        |   424   131.9      0    0.0   137.3 
        4.723K         4.879K        |   425   132.4      0    0.0   137.7 
        3.331K         4.879K        |   426   132.8      0    0.0   138.1 
        7.379K         4.879K        |   427   133.3      0    0.0   138.6 
        7.349K         4.879K        |   428   133.7      0    0.0   139.0 
        4.883K         4.879K        |   429   134.1      0    0.0   139.5 
        6.096K         4.879K        |   430   134.6      0    0.0   139.9 
        4.156K         4.879K        |   431   135.1      0    0.0   140.4 
        5.888K         4.879K        |   432   135.5      0    0.0   140.8 
        3.506K         4.879K        |   433   135.9      0    0.0   141.3 
        7.289K         4.879K        |   434   136.4      0    0.0   141.7 
        2.491K         4.879K        |   435   136.9      0    0.0   142.2 
        3.867K         4.879K        |   436   137.3      0    0.0   142.7 
        5.447K         4.879K        |   437   137.8      0    0.0   143.1 
        5.053K         4.879K        |   438   138.2      0    0.0   143.6 
        4.340K         4.879K        |   439   138.7      0    0.0   144.0 
        4.400K         4.879K        |   440   139.2      0    0.0   144.5 
        3.270K         4.879K        |   441   139.6      0    0.0   145.0 
        4.515K         4.879K        |   442   140.1      0    0.0   145.4 
        5.396K         4.879K        |   443   140.6      0    0.0   145.9 
        4.079K         4.878K        |   444   141.0      0    0.0   146.4 
        4.444K         4.878K        |   445   141.5      0    0.0   146.8 
        4.062K         4.878K        |   446   142.0      0    0.0   147.3 
        7.731K         4.878K        |   447   142.5      0    0.0   147.8 
        6.233K         4.878K        |   448   142.9      0    0.0   148.3 
        5.233K         4.878K        |   449   143.4      0    0.0   148.8 
        5.161K         4.878K        |   450   143.9      0    0.0   149.8 
      -19.382K         4.878K        |   451   144.4      0    0.0   150.3 
        3.767K         4.878K        |   452   144.8      0    0.0   150.7 
        3.229K         4.878K        |   453   145.1      0    0.0   151.0 
        3.513K         4.878K        |   454   145.5      0    0.0   151.4 
        5.490K         4.878K        |   455   145.9      0    0.0   151.8 
        4.150K         4.878K        |   456   146.3      0    0.0   152.2 
        3.670K         4.878K        |   457   146.7      0    0.0   152.6 
        3.851K         4.878K        |   458   147.1      0    0.0   153.0 
        6.067K         4.878K        |   459   147.5      0    0.0   153.4 
        6.651K         4.878K        |   460   147.9      0    0.0   153.9 
        4.423K         4.878K        |   461   148.4      0    0.0   154.3 
        4.012K         4.878K        |   462   148.8      0    0.0   154.7 
        6.314K         4.878K        |   463   149.2      0    0.0   155.1 
        2.067K         4.878K        |   464   149.6      0    0.0   155.5 
        2.965K         4.878K        |   465   150.0      0    0.0   155.9 
        3.813K         4.878K        |   466   150.4      0    0.0   156.3 
        6.569K         4.878K        |   467   150.9      0    0.0   156.8 
        4.949K         4.878K        |   468   151.3      0    0.0   157.2 
        2.677K         4.878K        |   469   151.7      0    0.0   157.6 
        3.082K         4.878K        |   470   152.1      0    0.0   158.0 
        7.485K         4.878K        |   471   152.5      0    0.0   158.5 
        3.932K         4.878K        |   472   153.0      0    0.0   158.9 
        5.307K         4.878K        |   473   153.4      0    0.0   159.3 
        3.927K         4.878K        |   474   153.8      0    0.0   159.8 
        6.145K         4.878K        |   475   154.3      0    0.0   160.2 
        3.084K         4.878K        |   476   154.7      0    0.0   160.6 
        4.958K         4.878K        |   477   155.1      0    0.0   161.1 
        5.373K         4.878K        |   478   155.6      0    0.0   161.5 
        8.162K         4.878K        |   479   156.0      0    0.0   161.9 
        5.135K         4.878K        |   480   156.5      0    0.0   162.4 
        6.025K         4.878K        |   481   156.9      0    0.0   162.8 
        2.813K         4.878K        |   482   157.4      0    0.0   163.3 
        6.861K         4.878K        |   483   157.8      0    0.0   163.7 
        5.186K         4.878K        |   484   158.2      0    0.0   164.2 
        2.457K         4.878K        |   485   158.7      0    0.0   164.6 
        3.351K         4.878K        |   486   159.1      0    0.0   165.1 
        5.066K         4.878K        |   487   159.6      0    0.0   165.5 
        4.479K         4.877K        |   488   160.1      0    0.0   166.0 
        2.698K         4.877K        |   489   160.5      0    0.0   166.5 
        3.824K         4.877K        |   490   161.0      0    0.0   166.9 
        5.763K         4.877K        |   491   161.4      0    0.0   167.4 
        5.029K         4.877K        |   492   161.9      0    0.0   167.8 
        4.737K         4.877K        |   493   162.3      0    0.0   168.3 
        5.752K         4.877K        |   494   162.8      0    0.0   168.7 
        5.214K         4.877K        |   495   163.3      0    0.0   169.2 
        7.164K         4.877K        |   496   163.7      0    0.0   169.7 
        5.876K         4.877K        |   497   164.2      0    0.0   170.1 
        4.066K         4.877K        |   498   164.6      0    0.0   170.6 
        7.222K         4.877K        |   499   165.1      0    0.0   171.0 
        4.106K         4.877K        |   500   165.6      0    0.0   172.1 
--------------------------------------------------------------------------------
 ──────────────────────────────────────────────────────────────────────────────
       Timing statistics               Time                   Allocations      
                               ──────────────────────   ───────────────────────
       Tot / % measured:             173s / 99.4%           17.6GiB / 100%     

 Section               ncalls     time   %tot     avg     alloc   %tot      avg
 ──────────────────────────────────────────────────────────────────────────────
 Solve                      1     172s   100%    172s   17.6GiB  100%   17.6GiB
   Iteration Phase        500     166s  96.2%   331ms   16.4GiB  93.3%  33.7MiB
     Backward Pass        500     159s  92.7%   319ms   16.1GiB  91.2%  32.9MiB
       JuMP.solve       1.12M     143s  83.0%   128μs   14.5GiB  82.2%  13.6KiB
         optimize!      1.12M     118s  68.7%   106μs   2.85GiB  16.2%  2.68KiB
         prep JuMP ...  1.12M    13.6s  7.92%  12.2μs   6.79GiB  38.6%  6.38KiB
         getsolution    1.12M    9.75s  5.67%  8.74μs   4.70GiB  26.7%  4.42KiB
       Cut addition     52.5k    10.7s  6.21%   204μs   1.10GiB  6.26%  22.0KiB
         cut to file    52.5k    401ms  0.23%  7.63μs   70.8MiB  0.39%  1.38KiB
         risk measure   52.5k   72.2ms  0.04%  1.37μs   54.7MiB  0.30%  1.07KiB
     Forward Pass         500    6.12s  3.56%  12.2ms    384MiB  2.13%   786KiB
       JuMP.solve       26.0k    5.70s  3.32%   219μs    357MiB  1.98%  14.0KiB
         optimize!      26.0k    3.73s  2.17%   143μs   63.9MiB  0.35%  2.52KiB
         prep JuMP ...  26.0k    1.12s  0.65%  43.0μs    180MiB  1.00%  7.10KiB
         getsolution    26.0k    304ms  0.18%  11.7μs    107MiB  0.60%  4.23KiB
   Cut Selection           10    5.72s  3.32%   572ms   1.17GiB  6.63%   120MiB
 ──────────────────────────────────────────────────────────────────────────────
    Other Statistics:
        Iterations:         500
        Termination Status: max_iterations
================================================================================
