--------------------------------------------------------------------------------
                      SDDP Solver. © Oscar Dowson, 2017.
--------------------------------------------------------------------------------
    Solver:
        Serial solver
    Model:
        Stages:         52
        States:         5
        Subproblems:    110
        Value Function: Default
--------------------------------------------------------------------------------
              Objective              |  Cut  Passes    Simulations   Total    
     Simulation       Bound   % Gap  |   #     Time     #    Time    Time     
--------------------------------------------------------------------------------
       -2.576M         1.000M        |     1    1.5      0    0.0    1.5 
       -1.625M         1.000M        |     2    1.7      0    0.0    1.8 
       -1.037M         1.000M        |     3    1.8      0    0.0    1.9 
      -95.294K         1.000M        |     4    1.8      0    0.0    2.0 
      -45.706K         1.000M        |     5    1.9      0    0.0    2.1 
     -238.854K        24.945K        |     6    2.0      0    0.0    2.2 
      -14.401K        10.966K        |     7    2.1      0    0.0    2.3 
      -83.160K        10.966K        |     8    2.2      0    0.0    2.4 
     -785.488         10.966K        |     9    2.3      0    0.0    2.5 
       -1.975K        10.966K        |    10    2.4      0    0.0    2.6 
      -28.004K        10.966K        |    11    2.5      0    0.0    2.7 
       -1.358K        10.966K        |    12    2.6      0    0.0    2.8 
        2.701K         9.800K        |    13    2.7      0    0.0    2.9 
        3.410K         9.771K        |    14    2.8      0    0.0    3.0 
      806.395          9.761K        |    15    2.9      0    0.0    3.1 
        3.046K         9.756K        |    16    3.0      0    0.0    3.2 
        3.049K         9.231K        |    17    3.1      0    0.0    3.3 
        7.094K         6.035K        |    18    3.2      0    0.0    3.4 
        2.748K         6.035K        |    19    3.3      0    0.0    3.5 
        3.317K         6.035K        |    20    3.4      0    0.0    3.6 
        6.411K         5.538K        |    21    3.5      0    0.0    3.7 
        3.966K         5.538K        |    22    3.6      0    0.0    3.8 
        3.706K         5.538K        |    23    3.8      0    0.0    3.9 
        1.838K         5.467K        |    24    3.9      0    0.0    4.0 
        7.177K         5.458K        |    25    4.0      0    0.0    4.1 
        5.001K         5.309K        |    26    4.1      0    0.0    4.3 
        7.091K         5.297K        |    27    4.2      0    0.0    4.4 
        5.198K         5.289K        |    28    4.3      0    0.0    4.5 
        4.868K         5.277K        |    29    4.4      0    0.0    4.6 
        3.416K         5.269K        |    30    4.5      0    0.0    4.7 
        4.113K         5.097K        |    31    4.7      0    0.0    4.8 
        4.140K         5.097K        |    32    4.8      0    0.0    5.0 
        5.043K         5.097K        |    33    4.9      0    0.0    5.1 
        5.897K         5.097K        |    34    5.0      0    0.0    5.2 
        6.661K         5.096K        |    35    5.1      0    0.0    5.3 
        2.020K         5.096K        |    36    5.3      0    0.0    5.4 
        3.919K         5.096K        |    37    5.4      0    0.0    5.6 
        6.821K         5.096K        |    38    5.5      0    0.0    5.7 
        4.817K         5.094K        |    39    5.6      0    0.0    5.8 
        4.231K         5.092K        |    40    5.7      0    0.0    5.9 
        4.942K         5.090K        |    41    5.9      0    0.0    6.1 
        4.122K         5.084K        |    42    6.0      0    0.0    6.2 
        6.483K         5.076K        |    43    6.1      0    0.0    6.3 
        3.893K         5.058K        |    44    6.2      0    0.0    6.4 
        4.951K         5.058K        |    45    6.3      0    0.0    6.5 
        4.246K         5.058K        |    46    6.5      0    0.0    6.7 
        4.072K         5.042K        |    47    6.6      0    0.0    6.8 
        4.083K         5.042K        |    48    6.7      0    0.0    6.9 
        6.242K         5.042K        |    49    6.9      0    0.0    7.1 
        6.098K         5.012K        |    50    7.0      0    0.0    7.9 
       -2.184M         5.012K        |    51    7.1      0    0.0    8.0 
       -3.351K         5.004K        |    52    7.2      0    0.0    8.2 
      740.585          5.004K        |    53    7.3      0    0.0    8.3 
     -808.912          5.004K        |    54    7.5      0    0.0    8.4 
     -787.591          5.002K        |    55    7.6      0    0.0    8.5 
        1.971K         5.001K        |    56    7.7      0    0.0    8.6 
      704.080          5.001K        |    57    7.8      0    0.0    8.7 
        1.185K         5.001K        |    58    7.9      0    0.0    8.8 
        6.738K         5.000K        |    59    8.0      0    0.0    8.9 
        1.139K         5.000K        |    60    8.1      0    0.0    9.0 
        6.577K         5.000K        |    61    8.2      0    0.0    9.1 
        3.284K         5.000K        |    62    8.3      0    0.0    9.3 
        7.043K         5.000K        |    63    8.4      0    0.0    9.4 
        1.682K         5.000K        |    64    8.6      0    0.0    9.5 
        4.489K         5.000K        |    65    8.7      0    0.0    9.6 
        1.967K         5.000K        |    66    8.8      0    0.0    9.7 
        3.654K         5.000K        |    67    8.9      0    0.0    9.8 
        5.725K         4.999K        |    68    9.0      0    0.0   10.0 
        4.771K         4.999K        |    69    9.2      0    0.0   10.1 
        5.695K         4.999K        |    70    9.3      0    0.0   10.2 
        4.887K         4.999K        |    71    9.4      0    0.0   10.3 
        1.690K         4.999K        |    72    9.5      0    0.0   10.5 
        2.522K         4.999K        |    73    9.7      0    0.0   10.6 
        3.239K         4.999K        |    74    9.8      0    0.0   10.7 
        2.724K         4.999K        |    75    9.9      0    0.0   10.8 
        4.918K         4.999K        |    76   10.0      0    0.0   11.0 
        4.921K         4.999K        |    77   10.2      0    0.0   11.1 
        6.564K         4.999K        |    78   10.3      0    0.0   11.2 
        5.959K         4.999K        |    79   10.4      0    0.0   11.4 
        4.904K         4.999K        |    80   10.5      0    0.0   11.5 
        7.685K         4.999K        |    81   10.7      0    0.0   11.6 
        2.483K         4.999K        |    82   10.8      0    0.0   11.8 
        2.346K         4.999K        |    83   10.9      0    0.0   11.9 
        5.154K         4.999K        |    84   11.1      0    0.0   12.0 
        3.910K         4.999K        |    85   11.2      0    0.0   12.2 
        3.027K         4.999K        |    86   11.3      0    0.0   12.3 
        4.221K         4.999K        |    87   11.5      0    0.0   12.4 
        3.907K         4.997K        |    88   11.6      0    0.0   12.6 
        6.341K         4.996K        |    89   11.7      0    0.0   12.7 
        3.116K         4.993K        |    90   11.9      0    0.0   12.9 
        4.048K         4.993K        |    91   12.0      0    0.0   13.0 
        5.180K         4.993K        |    92   12.2      0    0.0   13.1 
        7.462K         4.991K        |    93   12.3      0    0.0   13.3 
        4.034K         4.991K        |    94   12.4      0    0.0   13.4 
        3.923K         4.984K        |    95   12.6      0    0.0   13.5 
        6.070K         4.984K        |    96   12.7      0    0.0   13.7 
        7.539K         4.980K        |    97   12.9      0    0.0   13.8 
        3.962K         4.980K        |    98   13.0      0    0.0   14.0 
        5.296K         4.979K        |    99   13.1      0    0.0   14.1 
        4.463K         4.978K        |   100   13.3      0    0.0   14.8 
      -21.929K         4.976K        |   101   13.4      0    0.0   14.9 
        2.033K         4.975K        |   102   13.6      0    0.0   15.1 
        5.028K         4.974K        |   103   13.7      0    0.0   15.2 
        6.757K         4.973K        |   104   13.8      0    0.0   15.3 
        5.807K         4.973K        |   105   13.9      0    0.0   15.4 
        3.663K         4.972K        |   106   14.1      0    0.0   15.6 
        4.595K         4.972K        |   107   14.2      0    0.0   15.7 
        5.274K         4.972K        |   108   14.3      0    0.0   15.8 
        3.494K         4.971K        |   109   14.5      0    0.0   16.0 
        4.915K         4.970K        |   110   14.6      0    0.0   16.1 
        3.074K         4.970K        |   111   14.7      0    0.0   16.2 
        3.850K         4.970K        |   112   14.9      0    0.0   16.4 
        3.784K         4.970K        |   113   15.0      0    0.0   16.5 
        3.781K         4.970K        |   114   15.1      0    0.0   16.7 
        4.414K         4.963K        |   115   15.3      0    0.0   16.8 
        4.793K         4.963K        |   116   15.4      0    0.0   16.9 
        2.934K         4.963K        |   117   15.5      0    0.0   17.1 
        7.294K         4.959K        |   118   15.7      0    0.0   17.2 
        4.711K         4.959K        |   119   15.8      0    0.0   17.3 
        3.801K         4.959K        |   120   16.0      0    0.0   17.5 
        3.946K         4.957K        |   121   16.1      0    0.0   17.6 
        5.023K         4.947K        |   122   16.2      0    0.0   17.8 
        4.795K         4.947K        |   123   16.4      0    0.0   17.9 
        4.386K         4.944K        |   124   16.5      0    0.0   18.0 
        5.951K         4.944K        |   125   16.7      0    0.0   18.2 
        3.806K         4.937K        |   126   16.8      0    0.0   18.3 
        4.960K         4.937K        |   127   16.9      0    0.0   18.5 
        4.756K         4.937K        |   128   17.1      0    0.0   18.6 
        2.589K         4.935K        |   129   17.2      0    0.0   18.8 
        2.729K         4.935K        |   130   17.4      0    0.0   18.9 
        8.087K         4.935K        |   131   17.5      0    0.0   19.0 
        2.433K         4.932K        |   132   17.7      0    0.0   19.2 
        6.350K         4.930K        |   133   17.8      0    0.0   19.3 
        2.438K         4.929K        |   134   18.0      0    0.0   19.5 
        5.619K         4.929K        |   135   18.1      0    0.0   19.6 
        2.024K         4.927K        |   136   18.2      0    0.0   19.8 
        4.298K         4.927K        |   137   18.4      0    0.0   19.9 
        3.692K         4.925K        |   138   18.5      0    0.0   20.1 
        4.934K         4.925K        |   139   18.7      0    0.0   20.2 
        6.176K         4.922K        |   140   18.8      0    0.0   20.4 
        5.774K         4.922K        |   141   19.0      0    0.0   20.5 
        5.239K         4.921K        |   142   19.1      0    0.0   20.7 
        5.523K         4.920K        |   143   19.3      0    0.0   20.8 
        7.402K         4.919K        |   144   19.5      0    0.0   21.0 
        4.704K         4.919K        |   145   19.6      0    0.0   21.2 
        5.252K         4.918K        |   146   19.8      0    0.0   21.3 
        4.680K         4.918K        |   147   19.9      0    0.0   21.5 
        5.024K         4.918K        |   148   20.1      0    0.0   21.6 
        6.615K         4.917K        |   149   20.3      0    0.0   21.8 
        7.013K         4.917K        |   150   20.4      0    0.0   22.5 
     -940.263          4.916K        |   151   20.6      0    0.0   22.7 
        7.766K         4.916K        |   152   20.7      0    0.0   22.8 
        4.698K         4.916K        |   153   20.9      0    0.0   22.9 
        4.340K         4.915K        |   154   21.0      0    0.0   23.1 
        4.783K         4.915K        |   155   21.2      0    0.0   23.2 
        4.374K         4.915K        |   156   21.3      0    0.0   23.4 
        3.840K         4.915K        |   157   21.4      0    0.0   23.5 
        4.892K         4.914K        |   158   21.6      0    0.0   23.6 
        6.574K         4.914K        |   159   21.7      0    0.0   23.8 
        2.669K         4.914K        |   160   21.9      0    0.0   23.9 
        2.821K         4.912K        |   161   22.0      0    0.0   24.1 
        3.396K         4.912K        |   162   22.1      0    0.0   24.2 
        2.621K         4.912K        |   163   22.3      0    0.0   24.4 
        5.700K         4.912K        |   164   22.4      0    0.0   24.5 
        4.196K         4.912K        |   165   22.6      0    0.0   24.7 
        5.943K         4.912K        |   166   22.7      0    0.0   24.8 
        3.434K         4.911K        |   167   22.9      0    0.0   25.0 
        5.279K         4.911K        |   168   23.0      0    0.0   25.1 
        6.708K         4.911K        |   169   23.2      0    0.0   25.3 
        7.284K         4.910K        |   170   23.3      0    0.0   25.4 
        2.595K         4.910K        |   171   23.5      0    0.0   25.6 
        7.585K         4.909K        |   172   23.6      0    0.0   25.7 
        6.238K         4.909K        |   173   23.8      0    0.0   25.9 
        4.136K         4.908K        |   174   24.0      0    0.0   26.1 
        3.861K         4.908K        |   175   24.2      0    0.0   26.3 
        6.639K         4.908K        |   176   24.4      0    0.0   26.5 
        3.733K         4.908K        |   177   24.5      0    0.0   26.7 
        4.769K         4.908K        |   178   24.7      0    0.0   26.8 
        4.011K         4.907K        |   179   24.9      0    0.0   27.0 
        2.830K         4.907K        |   180   25.1      0    0.0   27.2 
        5.747K         4.907K        |   181   25.3      0    0.0   27.4 
        4.888K         4.906K        |   182   25.4      0    0.0   27.5 
        4.240K         4.906K        |   183   25.6      0    0.0   27.7 
        3.682K         4.906K        |   184   25.7      0    0.0   27.9 
        5.144K         4.905K        |   185   25.9      0    0.0   28.0 
        6.152K         4.905K        |   186   26.1      0    0.0   28.2 
        5.047K         4.904K        |   187   26.3      0    0.0   28.4 
        4.780K         4.904K        |   188   26.5      0    0.0   28.6 
        7.280K         4.904K        |   189   26.7      0    0.0   28.8 
        2.278K         4.904K        |   190   26.8      0    0.0   29.0 
        4.898K         4.903K        |   191   27.0      0    0.0   29.2 
        3.025K         4.903K        |   192   27.2      0    0.0   29.3 
        5.059K         4.903K        |   193   27.4      0    0.0   29.5 
        7.302K         4.902K        |   194   27.6      0    0.0   29.7 
        3.268K         4.902K        |   195   27.8      0    0.0   29.9 
        4.924K         4.902K        |   196   27.9      0    0.0   30.1 
        3.484K         4.901K        |   197   28.1      0    0.0   30.3 
        6.020K         4.901K        |   198   28.3      0    0.0   30.4 
        2.865K         4.900K        |   199   28.5      0    0.0   30.6 
        5.385K         4.900K        |   200   28.7      0    0.0   31.4 
        3.428K         4.900K        |   201   28.9      0    0.0   31.6 
        3.160K         4.899K        |   202   29.0      0    0.0   31.8 
        5.919K         4.899K        |   203   29.2      0    0.0   31.9 
        7.898K         4.899K        |   204   29.4      0    0.0   32.1 
        5.057K         4.899K        |   205   29.5      0    0.0   32.3 
        1.535K         4.899K        |   206   29.7      0    0.0   32.4 
        6.263K         4.899K        |   207   29.8      0    0.0   32.6 
        3.809K         4.899K        |   208   30.0      0    0.0   32.7 
        6.213K         4.899K        |   209   30.2      0    0.0   32.9 
        4.115K         4.899K        |   210   30.3      0    0.0   33.1 
        4.854K         4.899K        |   211   30.5      0    0.0   33.2 
        5.864K         4.899K        |   212   30.7      0    0.0   33.4 
        5.973K         4.899K        |   213   30.8      0    0.0   33.6 
        3.656K         4.899K        |   214   31.0      0    0.0   33.7 
        6.197K         4.899K        |   215   31.2      0    0.0   33.9 
        4.993K         4.899K        |   216   31.3      0    0.0   34.1 
        5.022K         4.899K        |   217   31.5      0    0.0   34.2 
        5.269K         4.898K        |   218   31.7      0    0.0   34.4 
        5.263K         4.898K        |   219   31.8      0    0.0   34.6 
        2.390K         4.898K        |   220   32.0      0    0.0   34.7 
        4.501K         4.898K        |   221   32.2      0    0.0   34.9 
        4.408K         4.898K        |   222   32.3      0    0.0   35.1 
        6.426K         4.898K        |   223   32.5      0    0.0   35.3 
        4.936K         4.898K        |   224   32.7      0    0.0   35.4 
        2.916K         4.898K        |   225   32.9      0    0.0   35.6 
        6.316K         4.898K        |   226   33.0      0    0.0   35.8 
        3.206K         4.898K        |   227   33.2      0    0.0   36.0 
        2.884K         4.898K        |   228   33.4      0    0.0   36.1 
        7.164K         4.897K        |   229   33.6      0    0.0   36.3 
        5.904K         4.897K        |   230   33.7      0    0.0   36.5 
        4.879K         4.897K        |   231   33.9      0    0.0   36.7 
        3.544K         4.897K        |   232   34.1      0    0.0   36.9 
        5.352K         4.897K        |   233   34.3      0    0.0   37.0 
        7.103K         4.897K        |   234   34.5      0    0.0   37.2 
        4.114K         4.896K        |   235   34.6      0    0.0   37.4 
        6.064K         4.896K        |   236   34.8      0    0.0   37.6 
        7.399K         4.896K        |   237   35.0      0    0.0   37.8 
        5.995K         4.896K        |   238   35.2      0    0.0   38.0 
        7.375K         4.895K        |   239   35.4      0    0.0   38.2 
        5.116K         4.895K        |   240   35.6      0    0.0   38.3 
        4.536K         4.895K        |   241   35.8      0    0.0   38.5 
        4.124K         4.894K        |   242   36.0      0    0.0   38.7 
        5.320K         4.894K        |   243   36.1      0    0.0   38.9 
        5.204K         4.894K        |   244   36.3      0    0.0   39.1 
        3.695K         4.894K        |   245   36.5      0    0.0   39.3 
        4.847K         4.894K        |   246   36.7      0    0.0   39.5 
        2.632K         4.894K        |   247   36.9      0    0.0   39.7 
        4.219K         4.893K        |   248   37.1      0    0.0   39.9 
        6.261K         4.893K        |   249   37.3      0    0.0   40.1 
        6.831K         4.893K        |   250   37.5      0    0.0   40.9 
       -3.166K         4.893K        |   251   37.7      0    0.0   41.1 
        3.000K         4.893K        |   252   37.8      0    0.0   41.3 
        6.169K         4.893K        |   253   38.0      0    0.0   41.5 
        3.157K         4.893K        |   254   38.2      0    0.0   41.6 
        6.064K         4.893K        |   255   38.3      0    0.0   41.8 
        4.709K         4.893K        |   256   38.5      0    0.0   42.0 
        4.926K         4.893K        |   257   38.7      0    0.0   42.1 
        4.860K         4.893K        |   258   38.8      0    0.0   42.3 
        3.605K         4.893K        |   259   39.0      0    0.0   42.5 
        6.000K         4.893K        |   260   39.2      0    0.0   42.6 
        5.869K         4.893K        |   261   39.3      0    0.0   42.8 
        7.937K         4.893K        |   262   39.5      0    0.0   43.0 
        3.492K         4.893K        |   263   39.7      0    0.0   43.2 
        5.063K         4.892K        |   264   39.8      0    0.0   43.3 
        5.060K         4.892K        |   265   40.0      0    0.0   43.5 
        5.489K         4.892K        |   266   40.2      0    0.0   43.7 
        5.259K         4.892K        |   267   40.4      0    0.0   43.9 
        5.079K         4.892K        |   268   40.5      0    0.0   44.0 
        2.565K         4.892K        |   269   40.7      0    0.0   44.2 
        4.458K         4.892K        |   270   40.9      0    0.0   44.4 
        4.528K         4.892K        |   271   41.0      0    0.0   44.6 
        6.339K         4.892K        |   272   41.2      0    0.0   44.7 
        4.213K         4.892K        |   273   41.4      0    0.0   44.9 
        2.993K         4.891K        |   274   41.6      0    0.0   45.1 
        7.583K         4.891K        |   275   41.8      0    0.0   45.3 
        2.643K         4.891K        |   276   41.9      0    0.0   45.4 
        5.006K         4.891K        |   277   42.1      0    0.0   45.6 
        3.343K         4.891K        |   278   42.3      0    0.0   45.8 
        2.575K         4.891K        |   279   42.5      0    0.0   46.0 
        6.442K         4.891K        |   280   42.7      0    0.0   46.2 
        3.945K         4.890K        |   281   42.8      0    0.0   46.4 
        4.884K         4.890K        |   282   43.0      0    0.0   46.5 
        3.569K         4.890K        |   283   43.2      0    0.0   46.7 
        2.851K         4.890K        |   284   43.4      0    0.0   46.9 
        5.584K         4.890K        |   285   43.6      0    0.0   47.1 
        5.127K         4.890K        |   286   43.8      0    0.0   47.3 
        3.719K         4.890K        |   287   44.0      0    0.0   47.5 
        6.453K         4.889K        |   288   44.1      0    0.0   47.7 
        4.975K         4.889K        |   289   44.3      0    0.0   47.9 
        5.120K         4.889K        |   290   44.5      0    0.0   48.1 
        3.758K         4.889K        |   291   44.7      0    0.0   48.2 
        5.877K         4.889K        |   292   44.9      0    0.0   48.4 
        4.996K         4.889K        |   293   45.1      0    0.0   48.6 
        3.985K         4.889K        |   294   45.3      0    0.0   48.8 
        5.339K         4.889K        |   295   45.5      0    0.0   49.0 
        5.931K         4.889K        |   296   45.7      0    0.0   49.2 
        2.400K         4.888K        |   297   45.9      0    0.0   49.4 
        2.925K         4.888K        |   298   46.1      0    0.0   49.6 
        3.404K         4.888K        |   299   46.3      0    0.0   49.8 
        5.538K         4.888K        |   300   46.5      0    0.0   50.5 
        5.098K         4.888K        |   301   46.7      0    0.0   50.8 
        2.367K         4.888K        |   302   46.8      0    0.0   50.9 
        6.278K         4.888K        |   303   47.0      0    0.0   51.1 
        3.359K         4.888K        |   304   47.2      0    0.0   51.3 
        3.643K         4.888K        |   305   47.4      0    0.0   51.5 
        6.491K         4.888K        |   306   47.5      0    0.0   51.6 
        3.926K         4.887K        |   307   47.7      0    0.0   51.8 
        6.682K         4.887K        |   308   47.9      0    0.0   52.0 
        7.335K         4.887K        |   309   48.1      0    0.0   52.2 
        4.950K         4.887K        |   310   48.3      0    0.0   52.3 
        7.696K         4.887K        |   311   48.4      0    0.0   52.5 
        7.583K         4.887K        |   312   48.6      0    0.0   52.7 
        2.656K         4.887K        |   313   48.8      0    0.0   52.9 
        5.135K         4.887K        |   314   49.0      0    0.0   53.1 
        5.335K         4.887K        |   315   49.2      0    0.0   53.3 
        5.102K         4.887K        |   316   49.3      0    0.0   53.4 
        5.265K         4.887K        |   317   49.5      0    0.0   53.6 
        6.574K         4.887K        |   318   49.7      0    0.0   53.8 
        4.110K         4.887K        |   319   49.9      0    0.0   54.0 
        4.846K         4.887K        |   320   50.1      0    0.0   54.2 
        4.537K         4.887K        |   321   50.3      0    0.0   54.4 
        6.285K         4.887K        |   322   50.5      0    0.0   54.6 
        3.903K         4.887K        |   323   50.7      0    0.0   54.8 
        3.918K         4.887K        |   324   50.8      0    0.0   55.0 
        3.728K         4.886K        |   325   51.0      0    0.0   55.1 
        6.144K         4.886K        |   326   51.2      0    0.0   55.3 
        6.573K         4.886K        |   327   51.4      0    0.0   55.5 
        3.729K         4.886K        |   328   51.6      0    0.0   55.7 
        3.474K         4.886K        |   329   51.8      0    0.0   55.9 
        4.456K         4.886K        |   330   52.0      0    0.0   56.1 
        6.105K         4.886K        |   331   52.2      0    0.0   56.3 
        4.863K         4.885K        |   332   52.4      0    0.0   56.5 
        3.348K         4.885K        |   333   52.6      0    0.0   56.7 
        5.357K         4.885K        |   334   52.8      0    0.0   56.9 
        3.920K         4.885K        |   335   53.0      0    0.0   57.1 
        4.166K         4.885K        |   336   53.2      0    0.0   57.3 
        3.872K         4.885K        |   337   53.4      0    0.0   57.5 
        5.727K         4.885K        |   338   53.6      0    0.0   57.7 
        3.603K         4.885K        |   339   53.8      0    0.0   57.9 
        4.641K         4.885K        |   340   54.0      0    0.0   58.1 
        6.021K         4.885K        |   341   54.2      0    0.0   58.3 
        5.819K         4.885K        |   342   54.4      0    0.0   58.5 
        3.596K         4.885K        |   343   54.6      0    0.0   58.7 
        7.498K         4.885K        |   344   54.8      0    0.0   58.9 
        4.186K         4.885K        |   345   55.0      0    0.0   59.1 
        5.430K         4.885K        |   346   55.2      0    0.0   59.3 
        2.802K         4.884K        |   347   55.4      0    0.0   59.5 
        5.264K         4.884K        |   348   55.6      0    0.0   59.7 
        2.939K         4.884K        |   349   55.8      0    0.0   59.9 
        6.171K         4.884K        |   350   56.0      0    0.0   60.7 
       -3.489K         4.884K        |   351   56.2      0    0.0   60.9 
        7.373K         4.884K        |   352   56.4      0    0.0   61.1 
        3.979K         4.884K        |   353   56.6      0    0.0   61.2 
        7.177K         4.884K        |   354   56.7      0    0.0   61.4 
        6.461K         4.884K        |   355   56.9      0    0.0   61.6 
        3.777K         4.884K        |   356   57.1      0    0.0   61.8 
        3.708K         4.884K        |   357   57.3      0    0.0   62.0 
        2.583K         4.884K        |   358   57.5      0    0.0   62.2 
        7.595K         4.884K        |   359   57.7      0    0.0   62.4 
        4.221K         4.884K        |   360   57.9      0    0.0   62.6 
        6.270K         4.884K        |   361   58.1      0    0.0   62.8 
        6.670K         4.884K        |   362   58.3      0    0.0   63.0 
        6.560K         4.884K        |   363   58.5      0    0.0   63.2 
        4.988K         4.884K        |   364   58.6      0    0.0   63.3 
        4.736K         4.884K        |   365   58.8      0    0.0   63.5 
        3.874K         4.884K        |   366   59.0      0    0.0   63.7 
        4.876K         4.884K        |   367   59.2      0    0.0   63.9 
        4.068K         4.884K        |   368   59.4      0    0.0   64.1 
        4.906K         4.884K        |   369   59.6      0    0.0   64.3 
        2.976K         4.884K        |   370   59.8      0    0.0   64.5 
        2.258K         4.884K        |   371   60.0      0    0.0   64.7 
        3.797K         4.884K        |   372   60.2      0    0.0   64.9 
        3.852K         4.884K        |   373   60.4      0    0.0   65.1 
        2.463K         4.883K        |   374   60.6      0    0.0   65.3 
        4.378K         4.883K        |   375   60.8      0    0.0   65.5 
        2.820K         4.883K        |   376   61.0      0    0.0   65.8 
        6.313K         4.883K        |   377   61.2      0    0.0   66.0 
        4.676K         4.883K        |   378   61.4      0    0.0   66.2 
        6.243K         4.883K        |   379   61.6      0    0.0   66.4 
        7.460K         4.883K        |   380   61.8      0    0.0   66.6 
        6.056K         4.883K        |   381   62.1      0    0.0   66.8 
        3.840K         4.883K        |   382   62.3      0    0.0   67.0 
        5.879K         4.883K        |   383   62.5      0    0.0   67.2 
        5.160K         4.883K        |   384   62.7      0    0.0   67.4 
        4.957K         4.883K        |   385   62.9      0    0.0   67.6 
        4.209K         4.883K        |   386   63.1      0    0.0   67.8 
        3.389K         4.883K        |   387   63.3      0    0.0   68.0 
        6.077K         4.882K        |   388   63.5      0    0.0   68.3 
        2.313K         4.882K        |   389   63.7      0    0.0   68.5 
        3.766K         4.882K        |   390   63.9      0    0.0   68.7 
        5.279K         4.882K        |   391   64.1      0    0.0   68.9 
        7.070K         4.882K        |   392   64.4      0    0.0   69.1 
        6.298K         4.882K        |   393   64.6      0    0.0   69.3 
        2.534K         4.882K        |   394   64.8      0    0.0   69.5 
        6.854K         4.882K        |   395   65.0      0    0.0   69.7 
        5.904K         4.882K        |   396   65.2      0    0.0   69.9 
        6.061K         4.882K        |   397   65.4      0    0.0   70.2 
        2.925K         4.882K        |   398   65.6      0    0.0   70.4 
        6.463K         4.882K        |   399   65.9      0    0.0   70.6 
        5.580K         4.881K        |   400   66.1      0    0.0   71.4 
        2.039K         4.881K        |   401   66.3      0    0.0   71.7 
        5.685K         4.881K        |   402   66.5      0    0.0   71.8 
        3.778K         4.881K        |   403   66.7      0    0.0   72.0 
        3.524K         4.881K        |   404   66.9      0    0.0   72.2 
        4.168K         4.881K        |   405   67.1      0    0.0   72.4 
        6.810K         4.881K        |   406   67.3      0    0.0   72.6 
        2.525K         4.881K        |   407   67.5      0    0.0   72.8 
        3.315K         4.881K        |   408   67.7      0    0.0   73.0 
        4.908K         4.881K        |   409   67.9      0    0.0   73.2 
        5.234K         4.881K        |   410   68.1      0    0.0   73.4 
        2.255K         4.881K        |   411   68.3      0    0.0   73.6 
        6.443K         4.881K        |   412   68.5      0    0.0   73.8 
        2.738K         4.881K        |   413   68.7      0    0.0   74.0 
        3.978K         4.881K        |   414   68.9      0    0.0   74.2 
        5.481K         4.881K        |   415   69.1      0    0.0   74.4 
        3.832K         4.881K        |   416   69.3      0    0.0   74.6 
        6.516K         4.881K        |   417   69.5      0    0.0   74.8 
        3.966K         4.881K        |   418   69.7      0    0.0   75.1 
        3.899K         4.881K        |   419   69.9      0    0.0   75.3 
        7.358K         4.881K        |   420   70.1      0    0.0   75.5 
        4.762K         4.881K        |   421   70.3      0    0.0   75.7 
        2.906K         4.881K        |   422   70.5      0    0.0   75.9 
        3.970K         4.881K        |   423   70.8      0    0.0   76.1 
        3.551K         4.881K        |   424   71.0      0    0.0   76.3 
        4.722K         4.880K        |   425   71.2      0    0.0   76.5 
        3.353K         4.880K        |   426   71.4      0    0.0   76.7 
        7.372K         4.880K        |   427   71.6      0    0.0   76.9 
        7.355K         4.880K        |   428   71.8      0    0.0   77.1 
        4.882K         4.880K        |   429   72.0      0    0.0   77.4 
        6.096K         4.880K        |   430   72.2      0    0.0   77.6 
        4.141K         4.880K        |   431   72.4      0    0.0   77.8 
        5.887K         4.880K        |   432   72.7      0    0.0   78.0 
        3.514K         4.880K        |   433   72.9      0    0.0   78.2 
        7.276K         4.880K        |   434   73.1      0    0.0   78.5 
        2.489K         4.880K        |   435   73.3      0    0.0   78.7 
        3.867K         4.880K        |   436   73.5      0    0.0   78.9 
        5.447K         4.880K        |   437   73.8      0    0.0   79.1 
        5.054K         4.880K        |   438   74.0      0    0.0   79.3 
        4.341K         4.880K        |   439   74.2      0    0.0   79.6 
        4.413K         4.880K        |   440   74.4      0    0.0   79.8 
        3.271K         4.880K        |   441   74.6      0    0.0   80.0 
        4.516K         4.880K        |   442   74.9      0    0.0   80.2 
        5.399K         4.880K        |   443   75.1      0    0.0   80.5 
        4.078K         4.880K        |   444   75.3      0    0.0   80.7 
        4.437K         4.880K        |   445   75.5      0    0.0   80.9 
        4.067K         4.880K        |   446   75.8      0    0.0   81.1 
        7.722K         4.880K        |   447   76.0      0    0.0   81.4 
        6.234K         4.880K        |   448   76.2      0    0.0   81.6 
        5.230K         4.880K        |   449   76.4      0    0.0   81.8 
        5.164K         4.880K        |   450   76.7      0    0.0   82.8 
        3.261K         4.880K        |   451   76.9      0    0.0   83.0 
        5.173K         4.879K        |   452   77.1      0    0.0   83.2 
        3.925K         4.879K        |   453   77.3      0    0.0   83.4 
        3.530K         4.879K        |   454   77.6      0    0.0   83.6 
        5.495K         4.879K        |   455   77.8      0    0.0   83.9 
        4.252K         4.879K        |   456   78.0      0    0.0   84.1 
        3.774K         4.879K        |   457   78.2      0    0.0   84.3 
        3.929K         4.879K        |   458   78.4      0    0.0   84.5 
        6.039K         4.879K        |   459   78.6      0    0.0   84.7 
        6.687K         4.879K        |   460   78.8      0    0.0   84.9 
        4.440K         4.879K        |   461   79.0      0    0.0   85.1 
        4.061K         4.879K        |   462   79.2      0    0.0   85.3 
        6.303K         4.879K        |   463   79.5      0    0.0   85.6 
        2.148K         4.879K        |   464   79.7      0    0.0   85.8 
        3.000K         4.879K        |   465   79.9      0    0.0   86.0 
        3.854K         4.879K        |   466   80.1      0    0.0   86.2 
        6.568K         4.879K        |   467   80.3      0    0.0   86.4 
        4.949K         4.879K        |   468   80.5      0    0.0   86.6 
        2.744K         4.879K        |   469   80.7      0    0.0   86.8 
        3.087K         4.879K        |   470   80.9      0    0.0   87.1 
        7.484K         4.879K        |   471   81.2      0    0.0   87.3 
        3.930K         4.879K        |   472   81.4      0    0.0   87.5 
        5.306K         4.879K        |   473   81.6      0    0.0   87.7 
        3.938K         4.879K        |   474   81.8      0    0.0   87.9 
        6.144K         4.879K        |   475   82.0      0    0.0   88.1 
        3.092K         4.879K        |   476   82.2      0    0.0   88.4 
        4.952K         4.879K        |   477   82.5      0    0.0   88.6 
        5.372K         4.878K        |   478   82.7      0    0.0   88.8 
        8.162K         4.878K        |   479   82.9      0    0.0   89.0 
        5.124K         4.878K        |   480   83.1      0    0.0   89.3 
        6.029K         4.878K        |   481   83.4      0    0.0   89.5 
        2.808K         4.878K        |   482   83.6      0    0.0   89.7 
        6.855K         4.878K        |   483   83.8      0    0.0   89.9 
        5.198K         4.878K        |   484   84.0      0    0.0   90.2 
        2.457K         4.878K        |   485   84.3      0    0.0   90.4 
        3.346K         4.878K        |   486   84.5      0    0.0   90.6 
        5.069K         4.878K        |   487   84.7      0    0.0   90.9 
        4.482K         4.878K        |   488   85.0      0    0.0   91.1 
        2.693K         4.878K        |   489   85.2      0    0.0   91.3 
        3.825K         4.878K        |   490   85.4      0    0.0   91.6 
        5.761K         4.878K        |   491   85.7      0    0.0   91.8 
        5.029K         4.878K        |   492   85.9      0    0.0   92.0 
        4.736K         4.878K        |   493   86.1      0    0.0   92.3 
        5.750K         4.878K        |   494   86.4      0    0.0   92.5 
        5.215K         4.878K        |   495   86.6      0    0.0   92.7 
        7.165K         4.878K        |   496   86.8      0    0.0   93.0 
        5.872K         4.878K        |   497   87.1      0    0.0   93.2 
        4.058K         4.878K        |   498   87.3      0    0.0   93.5 
        7.226K         4.878K        |   499   87.5      0    0.0   93.7 
        4.099K         4.878K        |   500   87.8      0    0.0   94.5 
--------------------------------------------------------------------------------
 ──────────────────────────────────────────────────────────────────────────────
       Timing statistics               Time                   Allocations      
                               ──────────────────────   ───────────────────────
       Tot / % measured:            95.6s / 98.9%           16.5GiB / 100%     

 Section               ncalls     time   %tot     avg     alloc   %tot      avg
 ──────────────────────────────────────────────────────────────────────────────
 Solve                      1    94.5s   100%   94.5s   16.5GiB  100%   16.5GiB
   Iteration Phase        500    87.8s  92.9%   176ms   15.3GiB  92.9%  31.4MiB
     Backward Pass        500    83.9s  88.8%   168ms   15.0GiB  90.8%  30.7MiB
       JuMP.solve       1.12M    67.4s  71.4%  60.4μs   13.3GiB  80.9%  12.5KiB
         optimize!      1.12M    46.3s  48.9%  41.4μs   17.0MiB  0.10%        -
         prep JuMP ...  1.12M    14.0s  14.8%  12.5μs   8.76GiB  53.1%  8.23KiB
         getsolution    1.12M    6.28s  6.65%  5.63μs   4.43GiB  26.9%  4.17KiB
       Cut addition     52.5k    11.3s  11.9%   215μs   1.13GiB  6.88%  22.7KiB
         cut to file    52.5k    366ms  0.39%  6.97μs   70.7MiB  0.42%  1.38KiB
         risk measure   52.5k   62.8ms  0.07%  1.20μs   54.7MiB  0.32%  1.07KiB
     Forward Pass         500    3.92s  4.14%  7.83ms    360MiB  2.13%   737KiB
       JuMP.solve       26.0k    3.53s  3.73%   136μs    333MiB  1.97%  13.1KiB
         optimize!      26.0k    1.95s  2.06%  74.9μs   5.42MiB  0.03%        -
         prep JuMP ...  26.0k    782ms  0.83%  30.1μs    222MiB  1.31%  8.73KiB
         getsolution    26.0k    226ms  0.24%  8.71μs    101MiB  0.60%  3.97KiB
   Cut Selection           10    5.96s  6.30%   596ms   1.17GiB  7.08%   120MiB
 ──────────────────────────────────────────────────────────────────────────────
    Other Statistics:
        Iterations:         500
        Termination Status: max_iterations
================================================================================
